2025-10-04 10:20:48.550 [INFO]: Application starting up
{
  "service": "farmeely-backend",
  "environment": "production",
  "port": "2025"
}
2025-10-04 10:20:48.630 [INFO]: Cache service initialized
{
  "service": "farmeely-backend",
  "environment": "production"
}
2025-10-04 10:20:49.443 [INFO]: Database connection established successfully
{
  "service": "farmeely-backend",
  "environment": "production"
}
2025-10-04 10:20:53.144 [INFO]: Database tables synced successfully
{
  "service": "farmeely-backend",
  "environment": "production"
}
2025-10-04 10:20:53.188 [INFO]: Server started successfully
{
  "service": "farmeely-backend",
  "environment": "production",
  "port": "2025"
}
2025-10-04 10:21:49.481 [INFO]: HTTP Request
{
  "service": "farmeely-backend",
  "environment": "production",
  "method": "GET",
  "url": "/health",
  "statusCode": 200,
  "responseTime": "52ms",
  "userAgent": "curl/8.4.0",
  "ip": "::ffff:172.24.0.1",
  "userId": "anonymous"
}
2025-10-04 10:21:59.892 [INFO]: HTTP Request
{
  "service": "farmeely-backend",
  "environment": "production",
  "method": "GET",
  "url": "/health",
  "statusCode": 200,
  "responseTime": "3ms",
  "userAgent": "axios/1.11.0",
  "ip": "::ffff:172.24.0.1",
  "userId": "anonymous"
}
2025-10-04 10:22:00.011 [INFO]: HTTP Request
{
  "service": "farmeely-backend",
  "environment": "production",
  "method": "GET",
  "url": "/health",
  "statusCode": 200,
  "responseTime": "1ms",
  "userAgent": "axios/1.11.0",
  "ip": "::ffff:172.24.0.1",
  "userId": "anonymous"
}
2025-10-04 10:22:00.194 [INFO]: HTTP Request
{
  "service": "farmeely-backend",
  "environment": "production",
  "method": "GET",
  "url": "/health",
  "statusCode": 200,
  "responseTime": "20ms",
  "userAgent": "axios/1.11.0",
  "ip": "::ffff:172.24.0.1",
  "userId": "anonymous"
}
2025-10-04 10:22:00.338 [INFO]: HTTP Request
{
  "service": "farmeely-backend",
  "environment": "production",
  "method": "GET",
  "url": "/health",
  "statusCode": 200,
  "responseTime": "1ms",
  "userAgent": "axios/1.11.0",
  "ip": "::ffff:172.24.0.1",
  "userId": "anonymous"
}
2025-10-04 10:22:01.330 [INFO]: HTTP Request
{
  "service": "farmeely-backend",
  "environment": "production",
  "method": "GET",
  "url": "/health",
  "statusCode": 200,
  "responseTime": "12ms",
  "userAgent": "axios/1.11.0",
  "ip": "::ffff:172.24.0.1",
  "userId": "anonymous"
}
2025-10-04 10:22:01.460 [INFO]: HTTP Request
{
  "service": "farmeely-backend",
  "environment": "production",
  "method": "GET",
  "url": "/health",
  "statusCode": 200,
  "responseTime": "2ms",
  "userAgent": "axios/1.11.0",
  "ip": "::ffff:172.24.0.1",
  "userId": "anonymous"
}
2025-10-04 10:22:01.597 [INFO]: HTTP Request
{
  "service": "farmeely-backend",
  "environment": "production",
  "method": "GET",
  "url": "/health",
  "statusCode": 200,
  "responseTime": "2ms",
  "userAgent": "axios/1.11.0",
  "ip": "::ffff:172.24.0.1",
  "userId": "anonymous"
}
2025-10-04 11:22:00.663 [INFO]: Application starting up
{
  "service": "farmeely-backend",
  "environment": "development",
  "port": "2025"
}
2025-10-04 11:22:00.721 [INFO]: Cache service initialized
{
  "service": "farmeely-backend",
  "environment": "development"
}
2025-10-04 10:22:01.722 [INFO]: HTTP Request
{
  "service": "farmeely-backend",
  "environment": "production",
  "method": "GET",
  "url": "/health",
  "statusCode": 200,
  "responseTime": "3ms",
  "userAgent": "axios/1.11.0",
  "ip": "::ffff:172.24.0.1",
  "userId": "anonymous"
}
2025-10-04 10:22:01.847 [INFO]: HTTP Request
{
  "service": "farmeely-backend",
  "environment": "production",
  "method": "GET",
  "url": "/health",
  "statusCode": 200,
  "responseTime": "2ms",
  "userAgent": "axios/1.11.0",
  "ip": "::ffff:172.24.0.1",
  "userId": "anonymous"
}
2025-10-04 10:22:01.977 [INFO]: HTTP Request
{
  "service": "farmeely-backend",
  "environment": "production",
  "method": "GET",
  "url": "/health",
  "statusCode": 200,
  "responseTime": "1ms",
  "userAgent": "axios/1.11.0",
  "ip": "::ffff:172.24.0.1",
  "userId": "anonymous"
}
2025-10-04 10:22:02.142 [INFO]: HTTP Request
{
  "service": "farmeely-backend",
  "environment": "production",
  "method": "GET",
  "url": "/health",
  "statusCode": 200,
  "responseTime": "1ms",
  "userAgent": "axios/1.11.0",
  "ip": "::ffff:172.24.0.1",
  "userId": "anonymous"
}
2025-10-04 10:22:02.444 [WARN]: HTTP Request
{
  "service": "farmeely-backend",
  "environment": "production",
  "method": "GET",
  "url": "/groups/active",
  "statusCode": 401,
  "responseTime": "93ms",
  "userAgent": "axios/1.11.0",
  "ip": "::ffff:172.24.0.1",
  "userId": "anonymous"
}
2025-10-04 10:22:02.591 [WARN]: HTTP Request
{
  "service": "farmeely-backend",
  "environment": "production",
  "method": "GET",
  "url": "/groups/active",
  "statusCode": 401,
  "responseTime": "17ms",
  "userAgent": "axios/1.11.0",
  "ip": "::ffff:172.24.0.1",
  "userId": "anonymous"
}
2025-10-04 10:22:02.735 [WARN]: HTTP Request
{
  "service": "farmeely-backend",
  "environment": "production",
  "method": "GET",
  "url": "/groups/active",
  "statusCode": 401,
  "responseTime": "11ms",
  "userAgent": "axios/1.11.0",
  "ip": "::ffff:172.24.0.1",
  "userId": "anonymous"
}
2025-10-04 10:22:02.878 [WARN]: HTTP Request
{
  "service": "farmeely-backend",
  "environment": "production",
  "method": "GET",
  "url": "/groups/active",
  "statusCode": 401,
  "responseTime": "2ms",
  "userAgent": "axios/1.11.0",
  "ip": "::ffff:172.24.0.1",
  "userId": "anonymous"
}
2025-10-04 10:22:02.993 [WARN]: HTTP Request
{
  "service": "farmeely-backend",
  "environment": "production",
  "method": "GET",
  "url": "/groups/active",
  "statusCode": 401,
  "responseTime": "1ms",
  "userAgent": "axios/1.11.0",
  "ip": "::ffff:172.24.0.1",
  "userId": "anonymous"
}
2025-10-04 10:22:03.141 [WARN]: HTTP Request
{
  "service": "farmeely-backend",
  "environment": "production",
  "method": "GET",
  "url": "/groups/active",
  "statusCode": 401,
  "responseTime": "2ms",
  "userAgent": "axios/1.11.0",
  "ip": "::ffff:172.24.0.1",
  "userId": "anonymous"
}
2025-10-04 11:22:02.411 [INFO]: Database connection established successfully
{
  "service": "farmeely-backend",
  "environment": "development"
}
2025-10-04 10:22:03.271 [WARN]: HTTP Request
{
  "service": "farmeely-backend",
  "environment": "production",
  "method": "GET",
  "url": "/groups/active",
  "statusCode": 401,
  "responseTime": "1ms",
  "userAgent": "axios/1.11.0",
  "ip": "::ffff:172.24.0.1",
  "userId": "anonymous"
}
2025-10-04 10:22:03.384 [WARN]: HTTP Request
{
  "service": "farmeely-backend",
  "environment": "production",
  "method": "GET",
  "url": "/groups/active",
  "statusCode": 401,
  "responseTime": "1ms",
  "userAgent": "axios/1.11.0",
  "ip": "::ffff:172.24.0.1",
  "userId": "anonymous"
}
2025-10-04 10:22:03.508 [WARN]: HTTP Request
{
  "service": "farmeely-backend",
  "environment": "production",
  "method": "GET",
  "url": "/groups/active",
  "statusCode": 401,
  "responseTime": "1ms",
  "userAgent": "axios/1.11.0",
  "ip": "::ffff:172.24.0.1",
  "userId": "anonymous"
}
2025-10-04 10:22:03.639 [WARN]: HTTP Request
{
  "service": "farmeely-backend",
  "environment": "production",
  "method": "GET",
  "url": "/groups/active",
  "statusCode": 401,
  "responseTime": "1ms",
  "userAgent": "axios/1.11.0",
  "ip": "::ffff:172.24.0.1",
  "userId": "anonymous"
}
2025-10-04 11:22:02.926 [INFO]: Database tables synced successfully
{
  "service": "farmeely-backend",
  "environment": "development"
}
2025-10-04 11:22:02.962 [INFO]: Server started successfully
{
  "service": "farmeely-backend",
  "environment": "development",
  "port": "2025"
}
2025-10-04 10:22:03.779 [WARN]: HTTP Request
{
  "service": "farmeely-backend",
  "environment": "production",
  "method": "GET",
  "url": "/livestocks",
  "statusCode": 401,
  "responseTime": "1ms",
  "userAgent": "axios/1.11.0",
  "ip": "::ffff:172.24.0.1",
  "userId": "anonymous"
}
2025-10-04 10:22:03.888 [WARN]: HTTP Request
{
  "service": "farmeely-backend",
  "environment": "production",
  "method": "GET",
  "url": "/livestocks",
  "statusCode": 401,
  "responseTime": "2ms",
  "userAgent": "axios/1.11.0",
  "ip": "::ffff:172.24.0.1",
  "userId": "anonymous"
}
2025-10-04 10:22:04.012 [WARN]: HTTP Request
{
  "service": "farmeely-backend",
  "environment": "production",
  "method": "GET",
  "url": "/livestocks",
  "statusCode": 401,
  "responseTime": "1ms",
  "userAgent": "axios/1.11.0",
  "ip": "::ffff:172.24.0.1",
  "userId": "anonymous"
}
2025-10-04 10:22:04.150 [WARN]: HTTP Request
{
  "service": "farmeely-backend",
  "environment": "production",
  "method": "GET",
  "url": "/livestocks",
  "statusCode": 401,
  "responseTime": "1ms",
  "userAgent": "axios/1.11.0",
  "ip": "::ffff:172.24.0.1",
  "userId": "anonymous"
}
2025-10-04 10:22:04.263 [WARN]: HTTP Request
{
  "service": "farmeely-backend",
  "environment": "production",
  "method": "GET",
  "url": "/livestocks",
  "statusCode": 401,
  "responseTime": "3ms",
  "userAgent": "axios/1.11.0",
  "ip": "::ffff:172.24.0.1",
  "userId": "anonymous"
}
2025-10-04 10:22:04.378 [WARN]: HTTP Request
{
  "service": "farmeely-backend",
  "environment": "production",
  "method": "GET",
  "url": "/livestocks",
  "statusCode": 401,
  "responseTime": "1ms",
  "userAgent": "axios/1.11.0",
  "ip": "::ffff:172.24.0.1",
  "userId": "anonymous"
}
2025-10-04 10:22:04.484 [WARN]: HTTP Request
{
  "service": "farmeely-backend",
  "environment": "production",
  "method": "GET",
  "url": "/livestocks",
  "statusCode": 401,
  "responseTime": "3ms",
  "userAgent": "axios/1.11.0",
  "ip": "::ffff:172.24.0.1",
  "userId": "anonymous"
}
2025-10-04 10:22:04.603 [WARN]: HTTP Request
{
  "service": "farmeely-backend",
  "environment": "production",
  "method": "GET",
  "url": "/livestocks",
  "statusCode": 401,
  "responseTime": "1ms",
  "userAgent": "axios/1.11.0",
  "ip": "::ffff:172.24.0.1",
  "userId": "anonymous"
}
2025-10-04 10:22:04.721 [WARN]: HTTP Request
{
  "service": "farmeely-backend",
  "environment": "production",
  "method": "GET",
  "url": "/livestocks",
  "statusCode": 401,
  "responseTime": "1ms",
  "userAgent": "axios/1.11.0",
  "ip": "::ffff:172.24.0.1",
  "userId": "anonymous"
}
2025-10-04 10:22:04.847 [WARN]: HTTP Request
{
  "service": "farmeely-backend",
  "environment": "production",
  "method": "GET",
  "url": "/livestocks",
  "statusCode": 401,
  "responseTime": "2ms",
  "userAgent": "axios/1.11.0",
  "ip": "::ffff:172.24.0.1",
  "userId": "anonymous"
}
2025-10-04 10:22:04.992 [WARN]: HTTP Request
{
  "service": "farmeely-backend",
  "environment": "production",
  "method": "GET",
  "url": "/users/profile",
  "statusCode": 401,
  "responseTime": "7ms",
  "userAgent": "axios/1.11.0",
  "ip": "::ffff:172.24.0.1",
  "userId": "anonymous"
}
2025-10-04 10:22:05.139 [WARN]: HTTP Request
{
  "service": "farmeely-backend",
  "environment": "production",
  "method": "GET",
  "url": "/users/profile",
  "statusCode": 401,
  "responseTime": "2ms",
  "userAgent": "axios/1.11.0",
  "ip": "::ffff:172.24.0.1",
  "userId": "anonymous"
}
2025-10-04 10:22:05.267 [WARN]: HTTP Request
{
  "service": "farmeely-backend",
  "environment": "production",
  "method": "GET",
  "url": "/users/profile",
  "statusCode": 401,
  "responseTime": "1ms",
  "userAgent": "axios/1.11.0",
  "ip": "::ffff:172.24.0.1",
  "userId": "anonymous"
}
2025-10-04 10:22:05.425 [WARN]: HTTP Request
{
  "service": "farmeely-backend",
  "environment": "production",
  "method": "GET",
  "url": "/users/profile",
  "statusCode": 401,
  "responseTime": "1ms",
  "userAgent": "axios/1.11.0",
  "ip": "::ffff:172.24.0.1",
  "userId": "anonymous"
}
2025-10-04 10:22:05.586 [WARN]: HTTP Request
{
  "service": "farmeely-backend",
  "environment": "production",
  "method": "GET",
  "url": "/users/profile",
  "statusCode": 401,
  "responseTime": "6ms",
  "userAgent": "axios/1.11.0",
  "ip": "::ffff:172.24.0.1",
  "userId": "anonymous"
}
2025-10-04 10:22:05.706 [WARN]: HTTP Request
{
  "service": "farmeely-backend",
  "environment": "production",
  "method": "GET",
  "url": "/users/profile",
  "statusCode": 401,
  "responseTime": "1ms",
  "userAgent": "axios/1.11.0",
  "ip": "::ffff:172.24.0.1",
  "userId": "anonymous"
}
2025-10-04 10:22:05.864 [WARN]: HTTP Request
{
  "service": "farmeely-backend",
  "environment": "production",
  "method": "GET",
  "url": "/users/profile",
  "statusCode": 401,
  "responseTime": "2ms",
  "userAgent": "axios/1.11.0",
  "ip": "::ffff:172.24.0.1",
  "userId": "anonymous"
}
2025-10-04 10:22:05.991 [WARN]: HTTP Request
{
  "service": "farmeely-backend",
  "environment": "production",
  "method": "GET",
  "url": "/users/profile",
  "statusCode": 401,
  "responseTime": "2ms",
  "userAgent": "axios/1.11.0",
  "ip": "::ffff:172.24.0.1",
  "userId": "anonymous"
}
2025-10-04 10:22:06.117 [WARN]: HTTP Request
{
  "service": "farmeely-backend",
  "environment": "production",
  "method": "GET",
  "url": "/users/profile",
  "statusCode": 401,
  "responseTime": "1ms",
  "userAgent": "axios/1.11.0",
  "ip": "::ffff:172.24.0.1",
  "userId": "anonymous"
}
2025-10-04 10:22:06.235 [WARN]: HTTP Request
{
  "service": "farmeely-backend",
  "environment": "production",
  "method": "GET",
  "url": "/users/profile",
  "statusCode": 401,
  "responseTime": "1ms",
  "userAgent": "axios/1.11.0",
  "ip": "::ffff:172.24.0.1",
  "userId": "anonymous"
}
2025-10-04 10:22:06.364 [WARN]: HTTP Request
{
  "service": "farmeely-backend",
  "environment": "production",
  "method": "GET",
  "url": "/wallet/balance",
  "statusCode": 401,
  "responseTime": "2ms",
  "userAgent": "axios/1.11.0",
  "ip": "::ffff:172.24.0.1",
  "userId": "anonymous"
}
2025-10-04 10:22:06.490 [WARN]: HTTP Request
{
  "service": "farmeely-backend",
  "environment": "production",
  "method": "GET",
  "url": "/wallet/balance",
  "statusCode": 401,
  "responseTime": "1ms",
  "userAgent": "axios/1.11.0",
  "ip": "::ffff:172.24.0.1",
  "userId": "anonymous"
}
2025-10-04 10:22:06.603 [WARN]: HTTP Request
{
  "service": "farmeely-backend",
  "environment": "production",
  "method": "GET",
  "url": "/wallet/balance",
  "statusCode": 401,
  "responseTime": "1ms",
  "userAgent": "axios/1.11.0",
  "ip": "::ffff:172.24.0.1",
  "userId": "anonymous"
}
2025-10-04 10:22:06.716 [WARN]: HTTP Request
{
  "service": "farmeely-backend",
  "environment": "production",
  "method": "GET",
  "url": "/wallet/balance",
  "statusCode": 401,
  "responseTime": "1ms",
  "userAgent": "axios/1.11.0",
  "ip": "::ffff:172.24.0.1",
  "userId": "anonymous"
}
2025-10-04 10:22:06.847 [WARN]: HTTP Request
{
  "service": "farmeely-backend",
  "environment": "production",
  "method": "GET",
  "url": "/wallet/balance",
  "statusCode": 401,
  "responseTime": "2ms",
  "userAgent": "axios/1.11.0",
  "ip": "::ffff:172.24.0.1",
  "userId": "anonymous"
}
2025-10-04 10:22:06.974 [WARN]: HTTP Request
{
  "service": "farmeely-backend",
  "environment": "production",
  "method": "GET",
  "url": "/wallet/balance",
  "statusCode": 401,
  "responseTime": "1ms",
  "userAgent": "axios/1.11.0",
  "ip": "::ffff:172.24.0.1",
  "userId": "anonymous"
}
2025-10-04 10:22:07.106 [WARN]: HTTP Request
{
  "service": "farmeely-backend",
  "environment": "production",
  "method": "GET",
  "url": "/wallet/balance",
  "statusCode": 401,
  "responseTime": "5ms",
  "userAgent": "axios/1.11.0",
  "ip": "::ffff:172.24.0.1",
  "userId": "anonymous"
}
2025-10-04 10:22:07.223 [WARN]: HTTP Request
{
  "service": "farmeely-backend",
  "environment": "production",
  "method": "GET",
  "url": "/wallet/balance",
  "statusCode": 401,
  "responseTime": "1ms",
  "userAgent": "axios/1.11.0",
  "ip": "::ffff:172.24.0.1",
  "userId": "anonymous"
}
2025-10-04 10:22:07.343 [WARN]: HTTP Request
{
  "service": "farmeely-backend",
  "environment": "production",
  "method": "GET",
  "url": "/wallet/balance",
  "statusCode": 401,
  "responseTime": "2ms",
  "userAgent": "axios/1.11.0",
  "ip": "::ffff:172.24.0.1",
  "userId": "anonymous"
}
2025-10-04 10:22:07.460 [WARN]: HTTP Request
{
  "service": "farmeely-backend",
  "environment": "production",
  "method": "GET",
  "url": "/wallet/balance",
  "statusCode": 401,
  "responseTime": "1ms",
  "userAgent": "axios/1.11.0",
  "ip": "::ffff:172.24.0.1",
  "userId": "anonymous"
}
2025-10-04 11:22:37.899 [INFO]: Application starting up
{
  "service": "farmeely-backend",
  "environment": "development",
  "port": "2025"
}
2025-10-04 11:22:38.078 [INFO]: Cache service initialized
{
  "service": "farmeely-backend",
  "environment": "development"
}
2025-10-04 10:22:38.856 [INFO]: HTTP Request
{
  "service": "farmeely-backend",
  "environment": "production",
  "method": "GET",
  "url": "/health",
  "statusCode": 200,
  "responseTime": "2ms",
  "userAgent": "axios/1.11.0",
  "ip": "::ffff:172.24.0.1",
  "userId": "anonymous"
}
2025-10-04 11:22:38.635 [INFO]: Database connection established successfully
{
  "service": "farmeely-backend",
  "environment": "development"
}
2025-10-04 10:22:39.164 [INFO]: HTTP Request
{
  "service": "farmeely-backend",
  "environment": "production",
  "method": "GET",
  "url": "/health",
  "statusCode": 200,
  "responseTime": "10ms",
  "userAgent": "axios/1.11.0",
  "ip": "::ffff:172.24.0.1",
  "userId": "anonymous"
}
2025-10-04 10:22:39.396 [INFO]: HTTP Request
{
  "service": "farmeely-backend",
  "environment": "production",
  "method": "GET",
  "url": "/health",
  "statusCode": 200,
  "responseTime": "1ms",
  "userAgent": "axios/1.11.0",
  "ip": "::ffff:172.24.0.1",
  "userId": "anonymous"
}
2025-10-04 10:22:39.600 [INFO]: HTTP Request
{
  "service": "farmeely-backend",
  "environment": "production",
  "method": "GET",
  "url": "/health",
  "statusCode": 200,
  "responseTime": "0ms",
  "userAgent": "axios/1.11.0",
  "ip": "::ffff:172.24.0.1",
  "userId": "anonymous"
}
2025-10-04 10:22:39.984 [INFO]: HTTP Request
{
  "service": "farmeely-backend",
  "environment": "production",
  "method": "GET",
  "url": "/health",
  "statusCode": 200,
  "responseTime": "35ms",
  "userAgent": "axios/1.11.0",
  "ip": "::ffff:172.24.0.1",
  "userId": "anonymous"
}
2025-10-04 10:22:40.264 [INFO]: HTTP Request
{
  "service": "farmeely-backend",
  "environment": "production",
  "method": "GET",
  "url": "/health",
  "statusCode": 200,
  "responseTime": "1ms",
  "userAgent": "axios/1.11.0",
  "ip": "::ffff:172.24.0.1",
  "userId": "anonymous"
}
2025-10-04 11:22:39.951 [INFO]: Database tables synced successfully
{
  "service": "farmeely-backend",
  "environment": "development"
}
2025-10-04 11:22:39.964 [INFO]: Server started successfully
{
  "service": "farmeely-backend",
  "environment": "development",
  "port": "2025"
}
2025-10-04 10:22:40.461 [INFO]: HTTP Request
{
  "service": "farmeely-backend",
  "environment": "production",
  "method": "GET",
  "url": "/health",
  "statusCode": 200,
  "responseTime": "1ms",
  "userAgent": "axios/1.11.0",
  "ip": "::ffff:172.24.0.1",
  "userId": "anonymous"
}
2025-10-04 10:22:40.582 [INFO]: HTTP Request
{
  "service": "farmeely-backend",
  "environment": "production",
  "method": "GET",
  "url": "/health",
  "statusCode": 200,
  "responseTime": "1ms",
  "userAgent": "axios/1.11.0",
  "ip": "::ffff:172.24.0.1",
  "userId": "anonymous"
}
2025-10-04 10:22:40.715 [INFO]: HTTP Request
{
  "service": "farmeely-backend",
  "environment": "production",
  "method": "GET",
  "url": "/health",
  "statusCode": 200,
  "responseTime": "0ms",
  "userAgent": "axios/1.11.0",
  "ip": "::ffff:172.24.0.1",
  "userId": "anonymous"
}
2025-10-04 10:22:40.831 [INFO]: HTTP Request
{
  "service": "farmeely-backend",
  "environment": "production",
  "method": "GET",
  "url": "/health",
  "statusCode": 200,
  "responseTime": "1ms",
  "userAgent": "axios/1.11.0",
  "ip": "::ffff:172.24.0.1",
  "userId": "anonymous"
}
2025-10-04 10:22:40.953 [INFO]: HTTP Request
{
  "service": "farmeely-backend",
  "environment": "production",
  "method": "GET",
  "url": "/health",
  "statusCode": 200,
  "responseTime": "1ms",
  "userAgent": "axios/1.11.0",
  "ip": "::ffff:172.24.0.1",
  "userId": "anonymous"
}
2025-10-04 10:22:41.095 [INFO]: HTTP Request
{
  "service": "farmeely-backend",
  "environment": "production",
  "method": "GET",
  "url": "/api-docs",
  "statusCode": 301,
  "responseTime": "12ms",
  "userAgent": "axios/1.11.0",
  "ip": "::ffff:172.24.0.1",
  "userId": "anonymous"
}
2025-10-04 10:22:41.126 [INFO]: HTTP Request
{
  "service": "farmeely-backend",
  "environment": "production",
  "method": "GET",
  "url": "/api-docs/",
  "statusCode": 200,
  "responseTime": "7ms",
  "userAgent": "axios/1.11.0",
  "ip": "::ffff:172.24.0.1",
  "userId": "anonymous"
}
2025-10-04 10:22:41.247 [INFO]: HTTP Request
{
  "service": "farmeely-backend",
  "environment": "production",
  "method": "GET",
  "url": "/api-docs",
  "statusCode": 301,
  "responseTime": "1ms",
  "userAgent": "axios/1.11.0",
  "ip": "::ffff:172.24.0.1",
  "userId": "anonymous"
}
2025-10-04 10:22:41.264 [INFO]: HTTP Request
{
  "service": "farmeely-backend",
  "environment": "production",
  "method": "GET",
  "url": "/api-docs/",
  "statusCode": 200,
  "responseTime": "1ms",
  "userAgent": "axios/1.11.0",
  "ip": "::ffff:172.24.0.1",
  "userId": "anonymous"
}
2025-10-04 10:22:41.385 [INFO]: HTTP Request
{
  "service": "farmeely-backend",
  "environment": "production",
  "method": "GET",
  "url": "/api-docs",
  "statusCode": 301,
  "responseTime": "1ms",
  "userAgent": "axios/1.11.0",
  "ip": "::ffff:172.24.0.1",
  "userId": "anonymous"
}
2025-10-04 10:22:41.463 [INFO]: HTTP Request
{
  "service": "farmeely-backend",
  "environment": "production",
  "method": "GET",
  "url": "/api-docs/",
  "statusCode": 200,
  "responseTime": "12ms",
  "userAgent": "axios/1.11.0",
  "ip": "::ffff:172.24.0.1",
  "userId": "anonymous"
}
2025-10-04 10:22:41.579 [INFO]: HTTP Request
{
  "service": "farmeely-backend",
  "environment": "production",
  "method": "GET",
  "url": "/api-docs",
  "statusCode": 301,
  "responseTime": "2ms",
  "userAgent": "axios/1.11.0",
  "ip": "::ffff:172.24.0.1",
  "userId": "anonymous"
}
2025-10-04 10:22:41.598 [INFO]: HTTP Request
{
  "service": "farmeely-backend",
  "environment": "production",
  "method": "GET",
  "url": "/api-docs/",
  "statusCode": 200,
  "responseTime": "1ms",
  "userAgent": "axios/1.11.0",
  "ip": "::ffff:172.24.0.1",
  "userId": "anonymous"
}
2025-10-04 10:22:41.711 [INFO]: HTTP Request
{
  "service": "farmeely-backend",
  "environment": "production",
  "method": "GET",
  "url": "/api-docs",
  "statusCode": 301,
  "responseTime": "1ms",
  "userAgent": "axios/1.11.0",
  "ip": "::ffff:172.24.0.1",
  "userId": "anonymous"
}
2025-10-04 10:22:41.731 [INFO]: HTTP Request
{
  "service": "farmeely-backend",
  "environment": "production",
  "method": "GET",
  "url": "/api-docs/",
  "statusCode": 200,
  "responseTime": "1ms",
  "userAgent": "axios/1.11.0",
  "ip": "::ffff:172.24.0.1",
  "userId": "anonymous"
}
2025-10-04 10:22:41.849 [INFO]: HTTP Request
{
  "service": "farmeely-backend",
  "environment": "production",
  "method": "GET",
  "url": "/api-docs",
  "statusCode": 301,
  "responseTime": "1ms",
  "userAgent": "axios/1.11.0",
  "ip": "::ffff:172.24.0.1",
  "userId": "anonymous"
}
2025-10-04 10:22:41.885 [INFO]: HTTP Request
{
  "service": "farmeely-backend",
  "environment": "production",
  "method": "GET",
  "url": "/api-docs/",
  "statusCode": 200,
  "responseTime": "4ms",
  "userAgent": "axios/1.11.0",
  "ip": "::ffff:172.24.0.1",
  "userId": "anonymous"
}
2025-10-04 10:22:42.018 [INFO]: HTTP Request
{
  "service": "farmeely-backend",
  "environment": "production",
  "method": "GET",
  "url": "/api-docs",
  "statusCode": 301,
  "responseTime": "1ms",
  "userAgent": "axios/1.11.0",
  "ip": "::ffff:172.24.0.1",
  "userId": "anonymous"
}
2025-10-04 10:22:42.038 [INFO]: HTTP Request
{
  "service": "farmeely-backend",
  "environment": "production",
  "method": "GET",
  "url": "/api-docs/",
  "statusCode": 200,
  "responseTime": "1ms",
  "userAgent": "axios/1.11.0",
  "ip": "::ffff:172.24.0.1",
  "userId": "anonymous"
}
2025-10-04 10:22:42.161 [INFO]: HTTP Request
{
  "service": "farmeely-backend",
  "environment": "production",
  "method": "GET",
  "url": "/api-docs",
  "statusCode": 301,
  "responseTime": "1ms",
  "userAgent": "axios/1.11.0",
  "ip": "::ffff:172.24.0.1",
  "userId": "anonymous"
}
2025-10-04 10:22:42.178 [INFO]: HTTP Request
{
  "service": "farmeely-backend",
  "environment": "production",
  "method": "GET",
  "url": "/api-docs/",
  "statusCode": 200,
  "responseTime": "1ms",
  "userAgent": "axios/1.11.0",
  "ip": "::ffff:172.24.0.1",
  "userId": "anonymous"
}
2025-10-04 10:22:42.296 [INFO]: HTTP Request
{
  "service": "farmeely-backend",
  "environment": "production",
  "method": "GET",
  "url": "/api-docs",
  "statusCode": 301,
  "responseTime": "2ms",
  "userAgent": "axios/1.11.0",
  "ip": "::ffff:172.24.0.1",
  "userId": "anonymous"
}
2025-10-04 10:22:42.314 [INFO]: HTTP Request
{
  "service": "farmeely-backend",
  "environment": "production",
  "method": "GET",
  "url": "/api-docs/",
  "statusCode": 200,
  "responseTime": "1ms",
  "userAgent": "axios/1.11.0",
  "ip": "::ffff:172.24.0.1",
  "userId": "anonymous"
}
2025-10-04 10:22:42.429 [INFO]: HTTP Request
{
  "service": "farmeely-backend",
  "environment": "production",
  "method": "GET",
  "url": "/api-docs",
  "statusCode": 301,
  "responseTime": "3ms",
  "userAgent": "axios/1.11.0",
  "ip": "::ffff:172.24.0.1",
  "userId": "anonymous"
}
2025-10-04 10:22:42.477 [INFO]: HTTP Request
{
  "service": "farmeely-backend",
  "environment": "production",
  "method": "GET",
  "url": "/api-docs/",
  "statusCode": 200,
  "responseTime": "4ms",
  "userAgent": "axios/1.11.0",
  "ip": "::ffff:172.24.0.1",
  "userId": "anonymous"
}
2025-10-04 11:23:43.824 [INFO]: Application starting up
{
  "service": "farmeely-backend",
  "environment": "development",
  "port": "2025"
}
2025-10-04 11:23:44.590 [INFO]: Cache service initialized
{
  "service": "farmeely-backend",
  "environment": "development"
}
2025-10-04 11:23:45.059 [INFO]: Database connection established successfully
{
  "service": "farmeely-backend",
  "environment": "development"
}
2025-10-04 11:23:46.009 [INFO]: Database tables synced successfully
{
  "service": "farmeely-backend",
  "environment": "development"
}
2025-10-04 11:23:46.241 [INFO]: Server started successfully
{
  "service": "farmeely-backend",
  "environment": "development",
  "port": "2025"
}
2025-10-04 11:24:01.964 [INFO]: Application starting up
{
  "service": "farmeely-backend",
  "environment": "development",
  "port": "2025"
}
2025-10-04 11:24:01.990 [INFO]: Cache service initialized
{
  "service": "farmeely-backend",
  "environment": "development"
}
2025-10-04 11:24:02.187 [INFO]: Database connection established successfully
{
  "service": "farmeely-backend",
  "environment": "development"
}
2025-10-04 11:24:02.557 [INFO]: Database tables synced successfully
{
  "service": "farmeely-backend",
  "environment": "development"
}
2025-10-04 11:24:02.568 [INFO]: Server started successfully
{
  "service": "farmeely-backend",
  "environment": "development",
  "port": "2025"
}
2025-10-04 11:24:14.729 [INFO]: Application starting up
{
  "service": "farmeely-backend",
  "environment": "development",
  "port": "2025"
}
2025-10-04 11:24:14.869 [INFO]: Cache service initialized
{
  "service": "farmeely-backend",
  "environment": "development"
}
2025-10-04 11:24:15.467 [INFO]: Database connection established successfully
{
  "service": "farmeely-backend",
  "environment": "development"
}
2025-10-04 11:24:15.717 [INFO]: Database tables synced successfully
{
  "service": "farmeely-backend",
  "environment": "development"
}
2025-10-04 11:24:34.374 [INFO]: Application starting up
{
  "service": "farmeely-backend",
  "environment": "development",
  "port": "2025"
}
2025-10-04 11:24:34.410 [INFO]: Cache service initialized
{
  "service": "farmeely-backend",
  "environment": "development"
}
2025-10-04 11:24:34.668 [INFO]: Database connection established successfully
{
  "service": "farmeely-backend",
  "environment": "development"
}
2025-10-04 11:24:34.845 [INFO]: Database tables synced successfully
{
  "service": "farmeely-backend",
  "environment": "development"
}
2025-10-04 11:24:34.860 [INFO]: Server started successfully
{
  "service": "farmeely-backend",
  "environment": "development",
  "port": "2025"
}
2025-10-04 11:27:32.811 [INFO]: Application starting up
{
  "service": "farmeely-backend",
  "environment": "development",
  "port": "2025"
}
2025-10-04 11:27:32.838 [INFO]: Cache service initialized
{
  "service": "farmeely-backend",
  "environment": "development"
}
2025-10-04 11:27:33.026 [INFO]: Database connection established successfully
{
  "service": "farmeely-backend",
  "environment": "development"
}
2025-10-04 11:27:33.146 [INFO]: Database tables synced successfully
{
  "service": "farmeely-backend",
  "environment": "development"
}
2025-10-04 11:27:33.155 [INFO]: Server started successfully
{
  "service": "farmeely-backend",
  "environment": "development",
  "port": "2025"
}
2025-10-04 10:34:50.278 [INFO]: HTTP Request
{
  "service": "farmeely-backend",
  "environment": "production",
  "method": "GET",
  "url": "/health",
  "statusCode": 200,
  "responseTime": "3ms",
  "userAgent": "curl/8.4.0",
  "ip": "::ffff:172.24.0.1",
  "userId": "anonymous"
}
2025-10-04 10:34:57.279 [WARN]: HTTP Request
{
  "service": "farmeely-backend",
  "environment": "production",
  "method": "GET",
  "url": "/admin/dashboard/stats",
  "statusCode": 404,
  "responseTime": "3ms",
  "userAgent": "curl/8.4.0",
  "ip": "::ffff:172.24.0.1",
  "userId": "anonymous"
}
2025-10-04 10:35:04.944 [WARN]: HTTP Request
{
  "service": "farmeely-backend",
  "environment": "production",
  "method": "GET",
  "url": "/admin/dashboard/stats",
  "statusCode": 404,
  "responseTime": "4ms",
  "userAgent": "curl/8.4.0",
  "ip": "::ffff:172.24.0.1",
  "userId": "anonymous"
}
2025-10-04 10:35:12.483 [WARN]: HTTP Request
{
  "service": "farmeely-backend",
  "environment": "production",
  "method": "GET",
  "url": "/users/profile",
  "statusCode": 401,
  "responseTime": "7ms",
  "userAgent": "curl/8.4.0",
  "ip": "::ffff:172.24.0.1",
  "userId": "anonymous"
}
2025-10-04 10:35:28.057 [WARN]: HTTP Request
{
  "service": "farmeely-backend",
  "environment": "production",
  "method": "GET",
  "url": "/admin/dashboard/stats",
  "statusCode": 404,
  "responseTime": "0ms",
  "userAgent": "curl/8.4.0",
  "ip": "::ffff:172.24.0.1",
  "userId": "anonymous"
}
2025-10-04 11:36:02.510 [INFO]: Application starting up
{
  "service": "farmeely-backend",
  "environment": "development",
  "port": "2025"
}
2025-10-04 11:36:02.804 [INFO]: Cache service initialized
{
  "service": "farmeely-backend",
  "environment": "development"
}
2025-10-04 11:36:04.261 [INFO]: Database connection established successfully
{
  "service": "farmeely-backend",
  "environment": "development"
}
2025-10-04 11:36:05.125 [INFO]: Database tables synced successfully
{
  "service": "farmeely-backend",
  "environment": "development"
}
2025-10-04 11:36:05.143 [INFO]: Server started successfully
{
  "service": "farmeely-backend",
  "environment": "development",
  "port": "2025"
}
2025-10-04 10:37:21.555 [WARN]: HTTP Request
{
  "service": "farmeely-backend",
  "environment": "production",
  "method": "GET",
  "url": "/admin/dashboard/stats",
  "statusCode": 404,
  "responseTime": "1ms",
  "userAgent": "curl/8.4.0",
  "ip": "::ffff:172.24.0.1",
  "userId": "anonymous"
}
2025-10-04 10:37:26.869 [WARN]: HTTP Request
{
  "service": "farmeely-backend",
  "environment": "production",
  "method": "GET",
  "url": "/admin/dashboard/stats",
  "statusCode": 404,
  "responseTime": "1ms",
  "userAgent": "curl/8.4.0",
  "ip": "::ffff:172.24.0.1",
  "userId": "anonymous"
}
2025-10-04 10:37:41.370 [WARN]: HTTP Request
{
  "service": "farmeely-backend",
  "environment": "production",
  "method": "GET",
  "url": "/admin/users",
  "statusCode": 404,
  "responseTime": "1ms",
  "userAgent": "curl/8.4.0",
  "ip": "::ffff:172.24.0.1",
  "userId": "anonymous"
}
2025-10-04 10:38:11.053 [WARN]: HTTP Request
{
  "service": "farmeely-backend",
  "environment": "production",
  "method": "GET",
  "url": "/admin",
  "statusCode": 404,
  "responseTime": "8ms",
  "userAgent": "curl/8.4.0",
  "ip": "::ffff:172.24.0.1",
  "userId": "anonymous"
}
2025-10-04 11:38:22.242 [INFO]: Application starting up
{
  "service": "farmeely-backend",
  "environment": "development",
  "port": "2025"
}
2025-10-04 11:38:22.271 [INFO]: Cache service initialized
{
  "service": "farmeely-backend",
  "environment": "development"
}
2025-10-04 11:38:22.393 [INFO]: Database connection established successfully
{
  "service": "farmeely-backend",
  "environment": "development"
}
2025-10-04 11:38:22.483 [INFO]: Database tables synced successfully
{
  "service": "farmeely-backend",
  "environment": "development"
}
2025-10-04 11:38:22.492 [INFO]: Server started successfully
{
  "service": "farmeely-backend",
  "environment": "development",
  "port": "2025"
}
2025-10-04 10:38:37.453 [WARN]: HTTP Request
{
  "service": "farmeely-backend",
  "environment": "production",
  "method": "GET",
  "url": "/admin/test",
  "statusCode": 404,
  "responseTime": "1ms",
  "userAgent": "curl/8.4.0",
  "ip": "::ffff:172.24.0.1",
  "userId": "anonymous"
}
2025-10-04 10:38:46.584 [WARN]: HTTP Request
{
  "service": "farmeely-backend",
  "environment": "production",
  "method": "GET",
  "url": "/admin/test",
  "statusCode": 404,
  "responseTime": "1ms",
  "userAgent": "curl/8.4.0",
  "ip": "::ffff:172.24.0.1",
  "userId": "anonymous"
}
2025-10-04 11:39:27.250 [INFO]: Application starting up
{
  "service": "farmeely-backend",
  "environment": "development",
  "port": "2025"
}
2025-10-04 11:39:27.291 [INFO]: Cache service initialized
{
  "service": "farmeely-backend",
  "environment": "development"
}
2025-10-04 11:39:27.518 [INFO]: Database connection established successfully
{
  "service": "farmeely-backend",
  "environment": "development"
}
2025-10-04 11:39:27.726 [INFO]: Database tables synced successfully
{
  "service": "farmeely-backend",
  "environment": "development"
}
2025-10-04 11:39:27.734 [INFO]: Server started successfully
{
  "service": "farmeely-backend",
  "environment": "development",
  "port": "2025"
}
2025-10-04 10:39:35.459 [WARN]: HTTP Request
{
  "service": "farmeely-backend",
  "environment": "production",
  "method": "GET",
  "url": "/admin/test",
  "statusCode": 404,
  "responseTime": "1ms",
  "userAgent": "curl/8.4.0",
  "ip": "::ffff:172.24.0.1",
  "userId": "anonymous"
}
2025-10-04 10:39:43.923 [WARN]: HTTP Request
{
  "service": "farmeely-backend",
  "environment": "production",
  "method": "GET",
  "url": "/admin/test",
  "statusCode": 404,
  "responseTime": "1ms",
  "userAgent": "curl/8.4.0",
  "ip": "::ffff:172.24.0.1",
  "userId": "anonymous"
}
2025-10-04 11:40:00.397 [INFO]: Application starting up
{
  "service": "farmeely-backend",
  "environment": "development",
  "port": "2025"
}
2025-10-04 11:40:00.427 [INFO]: Cache service initialized
{
  "service": "farmeely-backend",
  "environment": "development"
}
2025-10-04 11:40:00.625 [INFO]: Database connection established successfully
{
  "service": "farmeely-backend",
  "environment": "development"
}
2025-10-04 11:40:00.770 [INFO]: Database tables synced successfully
{
  "service": "farmeely-backend",
  "environment": "development"
}
2025-10-04 11:40:00.782 [INFO]: Server started successfully
{
  "service": "farmeely-backend",
  "environment": "development",
  "port": "2025"
}
2025-10-04 10:41:06.571 [WARN]: HTTP Request
{
  "service": "farmeely-backend",
  "environment": "production",
  "method": "GET",
  "url": "/admin/test",
  "statusCode": 404,
  "responseTime": "3ms",
  "userAgent": "curl/8.4.0",
  "ip": "::ffff:172.24.0.1",
  "userId": "anonymous"
}
2025-10-04 10:41:27.384 [WARN]: HTTP Request
{
  "service": "farmeely-backend",
  "environment": "production",
  "method": "GET",
  "url": "/admin/test",
  "statusCode": 404,
  "responseTime": "1ms",
  "userAgent": "curl/8.4.0",
  "ip": "::ffff:172.24.0.1",
  "userId": "anonymous"
}
2025-10-04 11:41:56.211 [INFO]: Application starting up
{
  "service": "farmeely-backend",
  "environment": "development",
  "port": "2025"
}
2025-10-04 11:41:56.224 [INFO]: Cache service initialized
{
  "service": "farmeely-backend",
  "environment": "development"
}
2025-10-04 11:41:56.369 [INFO]: Database connection established successfully
{
  "service": "farmeely-backend",
  "environment": "development"
}
2025-10-04 11:41:56.484 [INFO]: Database tables synced successfully
{
  "service": "farmeely-backend",
  "environment": "development"
}
2025-10-04 11:41:56.498 [INFO]: Server started successfully
{
  "service": "farmeely-backend",
  "environment": "development",
  "port": "2025"
}
2025-10-04 11:42:42.920 [INFO]: Application starting up
{
  "service": "farmeely-backend",
  "environment": "development",
  "port": "2025"
}
2025-10-04 11:42:42.944 [INFO]: Cache service initialized
{
  "service": "farmeely-backend",
  "environment": "development"
}
2025-10-04 11:42:43.169 [INFO]: Database connection established successfully
{
  "service": "farmeely-backend",
  "environment": "development"
}
2025-10-04 11:42:43.336 [INFO]: Database tables synced successfully
{
  "service": "farmeely-backend",
  "environment": "development"
}
2025-10-04 11:42:43.344 [INFO]: Server started successfully
{
  "service": "farmeely-backend",
  "environment": "development",
  "port": "2025"
}
2025-10-04 10:42:52.885 [WARN]: HTTP Request
{
  "service": "farmeely-backend",
  "environment": "production",
  "method": "GET",
  "url": "/admin-debug",
  "statusCode": 404,
  "responseTime": "1ms",
  "userAgent": "curl/8.4.0",
  "ip": "::ffff:172.24.0.1",
  "userId": "anonymous"
}
2025-10-04 10:42:59.407 [WARN]: HTTP Request
{
  "service": "farmeely-backend",
  "environment": "production",
  "method": "GET",
  "url": "/admin-debug",
  "statusCode": 404,
  "responseTime": "2ms",
  "userAgent": "curl/8.4.0",
  "ip": "::ffff:172.24.0.1",
  "userId": "anonymous"
}
2025-10-04 10:43:09.468 [INFO]: HTTP Request
{
  "service": "farmeely-backend",
  "environment": "production",
  "method": "GET",
  "url": "/health",
  "statusCode": 200,
  "responseTime": "0ms",
  "userAgent": "curl/8.4.0",
  "ip": "::ffff:172.24.0.1",
  "userId": "anonymous"
}
2025-10-04 11:43:55.767 [INFO]: Application starting up
{
  "service": "farmeely-backend",
  "environment": "development",
  "port": "2025"
}
2025-10-04 11:43:55.775 [INFO]: Cache service initialized
{
  "service": "farmeely-backend",
  "environment": "development"
}
2025-10-04 11:43:55.850 [INFO]: Database connection established successfully
{
  "service": "farmeely-backend",
  "environment": "development"
}
2025-10-04 11:43:55.916 [INFO]: Database tables synced successfully
{
  "service": "farmeely-backend",
  "environment": "development"
}
2025-10-04 11:43:55.921 [INFO]: Server started successfully
{
  "service": "farmeely-backend",
  "environment": "development",
  "port": "2025"
}
2025-10-04 11:45:35.085 [INFO]: Application starting up
{
  "service": "farmeely-backend",
  "environment": "development",
  "port": "2025"
}
2025-10-04 11:45:35.129 [INFO]: Cache service initialized
{
  "service": "farmeely-backend",
  "environment": "development"
}
2025-10-04 11:45:35.392 [INFO]: Database connection established successfully
{
  "service": "farmeely-backend",
  "environment": "development"
}
2025-10-04 11:45:35.582 [INFO]: Database tables synced successfully
{
  "service": "farmeely-backend",
  "environment": "development"
}
2025-10-04 11:45:35.593 [INFO]: Server started successfully
{
  "service": "farmeely-backend",
  "environment": "development",
  "port": "2025"
}
2025-10-04 11:45:47.357 [INFO]: Application starting up
{
  "service": "farmeely-backend",
  "environment": "development",
  "port": "2025"
}
2025-10-04 11:45:47.393 [INFO]: Cache service initialized
{
  "service": "farmeely-backend",
  "environment": "development"
}
2025-10-04 11:45:47.577 [INFO]: Database connection established successfully
{
  "service": "farmeely-backend",
  "environment": "development"
}
2025-10-04 11:45:47.741 [INFO]: Database tables synced successfully
{
  "service": "farmeely-backend",
  "environment": "development"
}
2025-10-04 11:45:47.787 [INFO]: Server started successfully
{
  "service": "farmeely-backend",
  "environment": "development",
  "port": "2025"
}
2025-10-04 10:46:36.739 [WARN]: HTTP Request
{
  "service": "farmeely-backend",
  "environment": "production",
  "method": "GET",
  "url": "/admin/test",
  "statusCode": 404,
  "responseTime": "4ms",
  "userAgent": "curl/8.4.0",
  "ip": "::ffff:172.24.0.1",
  "userId": "anonymous"
}
2025-10-04 10:46:44.976 [WARN]: HTTP Request
{
  "service": "farmeely-backend",
  "environment": "production",
  "method": "GET",
  "url": "/admin/test",
  "statusCode": 404,
  "responseTime": "1ms",
  "userAgent": "curl/8.4.0",
  "ip": "::ffff:172.24.0.1",
  "userId": "anonymous"
}
2025-10-04 10:46:53.271 [INFO]: HTTP Request
{
  "service": "farmeely-backend",
  "environment": "production",
  "method": "GET",
  "url": "/health",
  "statusCode": 200,
  "responseTime": "1ms",
  "userAgent": "curl/8.4.0",
  "ip": "::ffff:172.24.0.1",
  "userId": "anonymous"
}
2025-10-04 10:47:30.102 [WARN]: HTTP Request
{
  "service": "farmeely-backend",
  "environment": "production",
  "method": "GET",
  "url": "/admin/test",
  "statusCode": 404,
  "responseTime": "1ms",
  "userAgent": "curl/8.4.0",
  "ip": "::ffff:172.24.0.1",
  "userId": "anonymous"
}
2025-10-04 10:47:35.626 [WARN]: HTTP Request
{
  "service": "farmeely-backend",
  "environment": "production",
  "method": "GET",
  "url": "/admin/test",
  "statusCode": 404,
  "responseTime": "0ms",
  "userAgent": "curl/8.4.0",
  "ip": "::ffff:172.24.0.1",
  "userId": "anonymous"
}
2025-10-04 10:54:58.492 [WARN]: HTTP Request
{
  "service": "farmeely-backend",
  "environment": "production",
  "method": "GET",
  "url": "/admin/test",
  "statusCode": 404,
  "responseTime": "4ms",
  "userAgent": "curl/8.4.0",
  "ip": "::ffff:172.24.0.1",
  "userId": "anonymous"
}
2025-10-04 10:55:08.371 [WARN]: HTTP Request
{
  "service": "farmeely-backend",
  "environment": "production",
  "method": "GET",
  "url": "/admin/test",
  "statusCode": 404,
  "responseTime": "1ms",
  "userAgent": "curl/8.4.0",
  "ip": "::ffff:172.24.0.1",
  "userId": "anonymous"
}
2025-10-04 10:56:08.865 [WARN]: HTTP Request
{
  "service": "farmeely-backend",
  "environment": "production",
  "method": "GET",
  "url": "/admin/direct-test",
  "statusCode": 404,
  "responseTime": "1ms",
  "userAgent": "curl/8.4.0",
  "ip": "::ffff:172.24.0.1",
  "userId": "anonymous"
}
2025-10-04 10:56:14.994 [WARN]: HTTP Request
{
  "service": "farmeely-backend",
  "environment": "production",
  "method": "GET",
  "url": "/admin/direct-test",
  "statusCode": 404,
  "responseTime": "1ms",
  "userAgent": "curl/8.4.0",
  "ip": "::ffff:172.24.0.1",
  "userId": "anonymous"
}
2025-10-04 10:56:23.843 [INFO]: HTTP Request
{
  "service": "farmeely-backend",
  "environment": "production",
  "method": "GET",
  "url": "/health",
  "statusCode": 200,
  "responseTime": "1ms",
  "userAgent": "curl/8.4.0",
  "ip": "::ffff:172.24.0.1",
  "userId": "anonymous"
}
2025-10-04 11:57:37.057 [INFO]: Application starting up
{
  "service": "farmeely-backend",
  "environment": "development",
  "port": "2025"
}
2025-10-04 11:57:37.073 [INFO]: Cache service initialized
{
  "service": "farmeely-backend",
  "environment": "development"
}
2025-10-04 11:57:37.219 [INFO]: Database connection established successfully
{
  "service": "farmeely-backend",
  "environment": "development"
}
2025-10-04 11:57:37.426 [INFO]: Database tables synced successfully
{
  "service": "farmeely-backend",
  "environment": "development"
}
2025-10-04 11:57:37.455 [INFO]: Server started successfully
{
  "service": "farmeely-backend",
  "environment": "development",
  "port": "2025"
}
2025-10-04 11:58:35.449 [INFO]: Application starting up
{
  "service": "farmeely-backend",
  "environment": "development",
  "port": "2025"
}
2025-10-04 11:58:35.483 [INFO]: Cache service initialized
{
  "service": "farmeely-backend",
  "environment": "development"
}
2025-10-04 11:58:35.599 [INFO]: Database connection established successfully
{
  "service": "farmeely-backend",
  "environment": "development"
}
2025-10-04 11:58:35.735 [INFO]: Database tables synced successfully
{
  "service": "farmeely-backend",
  "environment": "development"
}
2025-10-04 11:58:35.774 [INFO]: Server started successfully
{
  "service": "farmeely-backend",
  "environment": "development",
  "port": "2025"
}
2025-10-04 11:58:59.002 [INFO]: Application starting up
{
  "service": "farmeely-backend",
  "environment": "development",
  "port": "2025"
}
2025-10-04 11:58:59.049 [INFO]: Cache service initialized
{
  "service": "farmeely-backend",
  "environment": "development"
}
2025-10-04 11:58:59.285 [INFO]: Database connection established successfully
{
  "service": "farmeely-backend",
  "environment": "development"
}
2025-10-04 11:58:59.450 [INFO]: Database tables synced successfully
{
  "service": "farmeely-backend",
  "environment": "development"
}
2025-10-04 11:58:59.462 [INFO]: Server started successfully
{
  "service": "farmeely-backend",
  "environment": "development",
  "port": "2025"
}
2025-10-04 11:59:03.460 [INFO]: HTTP Request
{
  "service": "farmeely-backend",
  "environment": "development",
  "method": "GET",
  "url": "/admin/test",
  "statusCode": 200,
  "responseTime": "4ms",
  "userAgent": "curl/8.4.0",
  "ip": "::1",
  "userId": "anonymous"
}
2025-10-04 11:59:15.891 [INFO]: HTTP Request
{
  "service": "farmeely-backend",
  "environment": "development",
  "method": "GET",
  "url": "/admin/test",
  "statusCode": 200,
  "responseTime": "2ms",
  "userAgent": "curl/8.4.0",
  "ip": "::1",
  "userId": "anonymous"
}
2025-10-04 11:59:24.267 [WARN]: HTTP Request
{
  "service": "farmeely-backend",
  "environment": "development",
  "method": "GET",
  "url": "/admin/dashboard/stats",
  "statusCode": 401,
  "responseTime": "27ms",
  "userAgent": "curl/8.4.0",
  "ip": "::1",
  "userId": "anonymous"
}
2025-10-04 11:59:32.597 [WARN]: HTTP Request
{
  "service": "farmeely-backend",
  "environment": "development",
  "method": "GET",
  "url": "/admin/dashboard/stats",
  "statusCode": 401,
  "responseTime": "111ms",
  "userAgent": "curl/8.4.0",
  "ip": "::1",
  "userId": "anonymous"
}
2025-10-04 12:02:40.014 [INFO]: HTTP Request
{
  "service": "farmeely-backend",
  "environment": "development",
  "method": "GET",
  "url": "/health",
  "statusCode": 200,
  "responseTime": "2ms",
  "userAgent": "curl/8.4.0",
  "ip": "::1",
  "userId": "anonymous"
}
2025-10-04 12:03:09.338 [INFO]: HTTP Request
{
  "service": "farmeely-backend",
  "environment": "development",
  "method": "GET",
  "url": "/health",
  "statusCode": 200,
  "responseTime": "2ms",
  "userAgent": "curl/8.4.0",
  "ip": "::1",
  "userId": "anonymous"
}
2025-10-04 12:11:40.666 [WARN]: HTTP Request
{
  "service": "farmeely-backend",
  "environment": "development",
  "method": "GET",
  "url": "/admin/dashboard/stats",
  "statusCode": 401,
  "responseTime": "3ms",
  "userAgent": "curl/8.4.0",
  "ip": "::1",
  "userId": "anonymous"
}
2025-10-04 12:11:48.334 [WARN]: HTTP Request
{
  "service": "farmeely-backend",
  "environment": "development",
  "method": "GET",
  "url": "/admin/dashboard/stats",
  "statusCode": 401,
  "responseTime": "1ms",
  "userAgent": "curl/8.4.0",
  "ip": "::1",
  "userId": "anonymous"
}
2025-10-04 12:20:46.585 [INFO]: HTTP Request
{
  "service": "farmeely-backend",
  "environment": "development",
  "method": "OPTIONS",
  "url": "/users/login",
  "statusCode": 204,
  "responseTime": "2ms",
  "userAgent": "Mozilla/5.0 (Windows NT 10.0; Win64; x64) AppleWebKit/537.36 (KHTML, like Gecko) Chrome/140.0.0.0 Safari/537.36",
  "ip": "::1",
  "userId": "anonymous"
}
2025-10-04 12:20:47.281 [WARN]: HTTP Request
{
  "service": "farmeely-backend",
  "environment": "development",
  "method": "POST",
  "url": "/users/login",
  "statusCode": 404,
  "responseTime": "679ms",
  "userAgent": "Mozilla/5.0 (Windows NT 10.0; Win64; x64) AppleWebKit/537.36 (KHTML, like Gecko) Chrome/140.0.0.0 Safari/537.36",
  "ip": "::1",
  "userId": "anonymous"
}
2025-10-04 12:21:30.939 [WARN]: HTTP Request
{
  "service": "farmeely-backend",
  "environment": "development",
  "method": "POST",
  "url": "/users/login",
  "statusCode": 404,
  "responseTime": "28ms",
  "userAgent": "Mozilla/5.0 (Windows NT 10.0; Win64; x64) AppleWebKit/537.36 (KHTML, like Gecko) Chrome/140.0.0.0 Safari/537.36",
  "ip": "::1",
  "userId": "anonymous"
}
2025-10-04 12:22:40.843 [WARN]: HTTP Request
{
  "service": "farmeely-backend",
  "environment": "development",
  "method": "POST",
  "url": "/users/login",
  "statusCode": 404,
  "responseTime": "4ms",
  "userAgent": "Mozilla/5.0 (Windows NT 10.0; Win64; x64) AppleWebKit/537.36 (KHTML, like Gecko) Chrome/140.0.0.0 Safari/537.36",
  "ip": "::1",
  "userId": "anonymous"
}
2025-10-04 12:23:08.135 [WARN]: HTTP Request
{
  "service": "farmeely-backend",
  "environment": "development",
  "method": "POST",
  "url": "/users/login",
  "statusCode": 404,
  "responseTime": "7ms",
  "userAgent": "Mozilla/5.0 (Windows NT 10.0; Win64; x64) AppleWebKit/537.36 (KHTML, like Gecko) Chrome/140.0.0.0 Safari/537.36",
  "ip": "::1",
  "userId": "anonymous"
}
2025-10-04 12:28:00.723 [WARN]: HTTP Request
{
  "service": "farmeely-backend",
  "environment": "development",
  "method": "GET",
  "url": "/admin/dashboard/stats",
  "statusCode": 401,
  "responseTime": "2ms",
  "userAgent": "curl/8.4.0",
  "ip": "::1",
  "userId": "anonymous"
}
2025-10-04 12:28:00.978 [WARN]: HTTP Request
{
  "service": "farmeely-backend",
  "environment": "development",
  "method": "GET",
  "url": "/admin/users",
  "statusCode": 401,
  "responseTime": "1ms",
  "userAgent": "curl/8.4.0",
  "ip": "::1",
  "userId": "anonymous"
}
2025-10-04 12:28:01.106 [WARN]: HTTP Request
{
  "service": "farmeely-backend",
  "environment": "development",
  "method": "GET",
  "url": "/admin/groups",
  "statusCode": 401,
  "responseTime": "1ms",
  "userAgent": "curl/8.4.0",
  "ip": "::1",
  "userId": "anonymous"
}
2025-10-04 12:28:57.270 [INFO]: HTTP Request
{
  "service": "farmeely-backend",
  "environment": "development",
  "method": "GET",
  "url": "/health",
  "statusCode": 200,
  "responseTime": "0ms",
  "userAgent": "curl/8.4.0",
  "ip": "::1",
  "userId": "anonymous"
}
2025-10-04 12:29:08.121 [INFO]: HTTP Request
{
  "service": "farmeely-backend",
  "environment": "development",
  "method": "GET",
  "url": "/health",
  "statusCode": 200,
  "responseTime": "1ms",
  "userAgent": "curl/8.4.0",
  "ip": "::1",
  "userId": "anonymous"
}
2025-10-04 12:29:16.060 [WARN]: HTTP Request
{
  "service": "farmeely-backend",
  "environment": "development",
  "method": "POST",
  "url": "/users/signup",
  "statusCode": 404,
  "responseTime": "3ms",
  "userAgent": "curl/8.4.0",
  "ip": "::1",
  "userId": "anonymous"
}
2025-10-04 12:29:21.618 [WARN]: HTTP Request
{
  "service": "farmeely-backend",
  "environment": "development",
  "method": "POST",
  "url": "/users/signup",
  "statusCode": 429,
  "responseTime": "1ms",
  "userAgent": "curl/8.4.0",
  "ip": "::1",
  "userId": "anonymous"
}
2025-10-04 12:29:40.112 [WARN]: HTTP Request
{
  "service": "farmeely-backend",
  "environment": "development",
  "method": "POST",
  "url": "/users/signup",
  "statusCode": 429,
  "responseTime": "1ms",
  "userAgent": "curl/8.4.0",
  "ip": "::1",
  "userId": "anonymous"
}
2025-10-04 12:29:49.546 [WARN]: HTTP Request
{
  "service": "farmeely-backend",
  "environment": "development",
  "method": "GET",
  "url": "/livestock",
  "statusCode": 404,
  "responseTime": "4ms",
  "userAgent": "curl/8.4.0",
  "ip": "::1",
  "userId": "anonymous"
}
2025-10-04 12:29:55.765 [WARN]: HTTP Request
{
  "service": "farmeely-backend",
  "environment": "development",
  "method": "GET",
  "url": "/livestock",
  "statusCode": 404,
  "responseTime": "9ms",
  "userAgent": "curl/8.4.0",
  "ip": "::1",
  "userId": "anonymous"
}
2025-10-04 12:30:10.512 [WARN]: HTTP Request
{
  "service": "farmeely-backend",
  "environment": "development",
  "method": "GET",
  "url": "/livestock",
  "statusCode": 404,
  "responseTime": "1ms",
  "userAgent": "curl/8.4.0",
  "ip": "::1",
  "userId": "anonymous"
}
2025-10-04 12:30:26.309 [WARN]: HTTP Request
{
  "service": "farmeely-backend",
  "environment": "development",
  "method": "GET",
  "url": "/livestocks",
  "statusCode": 404,
  "responseTime": "3ms",
  "userAgent": "curl/8.4.0",
  "ip": "::1",
  "userId": "anonymous"
}
2025-10-04 12:30:32.165 [WARN]: HTTP Request
{
  "service": "farmeely-backend",
  "environment": "development",
  "method": "GET",
  "url": "/livestocks",
  "statusCode": 404,
  "responseTime": "3ms",
  "userAgent": "curl/8.4.0",
  "ip": "::1",
  "userId": "anonymous"
}
2025-10-04 12:30:37.236 [WARN]: HTTP Request
{
  "service": "farmeely-backend",
  "environment": "development",
  "method": "GET",
  "url": "/livestocks",
  "statusCode": 404,
  "responseTime": "1ms",
  "userAgent": "curl/8.4.0",
  "ip": "::1",
  "userId": "anonymous"
}
2025-10-04 12:30:42.245 [WARN]: HTTP Request
{
  "service": "farmeely-backend",
  "environment": "development",
  "method": "GET",
  "url": "/groups/active",
  "statusCode": 404,
  "responseTime": "2ms",
  "userAgent": "curl/8.4.0",
  "ip": "::1",
  "userId": "anonymous"
}
2025-10-04 12:30:46.801 [WARN]: HTTP Request
{
  "service": "farmeely-backend",
  "environment": "development",
  "method": "GET",
  "url": "/groups/active",
  "statusCode": 404,
  "responseTime": "1ms",
  "userAgent": "curl/8.4.0",
  "ip": "::1",
  "userId": "anonymous"
}
2025-10-04 12:33:30.450 [INFO]: Application starting up
{
  "service": "farmeely-backend",
  "environment": "development",
  "port": "2025"
}
2025-10-04 12:33:30.488 [INFO]: Cache service initialized
{
  "service": "farmeely-backend",
  "environment": "development"
}
2025-10-04 12:33:31.614 [INFO]: Database connection established successfully
{
  "service": "farmeely-backend",
  "environment": "development"
}
2025-10-04 12:33:31.774 [INFO]: Database tables synced successfully
{
  "service": "farmeely-backend",
  "environment": "development"
}
2025-10-04 12:33:31.784 [INFO]: Server started successfully
{
  "service": "farmeely-backend",
  "environment": "development",
  "port": "2025"
}
2025-10-04 12:33:41.340 [WARN]: HTTP Request
{
  "service": "farmeely-backend",
  "environment": "development",
  "method": "GET",
  "url": "/livestocks",
  "statusCode": 401,
  "responseTime": "8ms",
  "userAgent": "curl/8.4.0",
  "ip": "::1",
  "userId": "anonymous"
}
2025-10-04 12:33:48.486 [WARN]: HTTP Request
{
  "service": "farmeely-backend",
  "environment": "development",
  "method": "GET",
  "url": "/livestocks",
  "statusCode": 401,
  "responseTime": "12ms",
  "userAgent": "curl/8.4.0",
  "ip": "::1",
  "userId": "anonymous"
}
2025-10-04 12:33:55.350 [WARN]: HTTP Request
{
  "service": "farmeely-backend",
  "environment": "development",
  "method": "POST",
  "url": "/users/signup",
  "statusCode": 500,
  "responseTime": "198ms",
  "userAgent": "curl/8.4.0",
  "ip": "::1",
  "userId": "anonymous"
}
2025-10-04 12:34:14.877 [WARN]: HTTP Request
{
  "service": "farmeely-backend",
  "environment": "development",
  "method": "POST",
  "url": "/users/signup",
  "statusCode": 500,
  "responseTime": "19ms",
  "userAgent": "curl/8.4.0",
  "ip": "::1",
  "userId": "anonymous"
}
2025-10-04 12:34:35.020 [INFO]: HTTP Request
{
  "service": "farmeely-backend",
  "environment": "development",
  "method": "POST",
  "url": "/users/signup",
  "statusCode": 200,
  "responseTime": "231ms",
  "userAgent": "curl/8.4.0",
  "ip": "::1",
  "userId": "anonymous"
}
2025-10-04 12:34:44.871 [INFO]: HTTP Request
{
  "service": "farmeely-backend",
  "environment": "development",
  "method": "POST",
  "url": "/users/signup",
  "statusCode": 200,
  "responseTime": "198ms",
  "userAgent": "curl/8.4.0",
  "ip": "::1",
  "userId": "anonymous"
}
2025-10-04 12:35:06.434 [WARN]: HTTP Request
{
  "service": "farmeely-backend",
  "environment": "development",
  "method": "POST",
  "url": "/users/login",
  "statusCode": 400,
  "responseTime": "5ms",
  "userAgent": "curl/8.4.0",
  "ip": "::1",
  "userId": "anonymous"
}
2025-10-04 12:35:12.333 [WARN]: HTTP Request
{
  "service": "farmeely-backend",
  "environment": "development",
  "method": "POST",
  "url": "/users/login",
  "statusCode": 429,
  "responseTime": "3ms",
  "userAgent": "curl/8.4.0",
  "ip": "::1",
  "userId": "anonymous"
}
2025-10-04 12:35:18.443 [WARN]: HTTP Request
{
  "service": "farmeely-backend",
  "environment": "development",
  "method": "GET",
  "url": "/groups/active",
  "statusCode": 401,
  "responseTime": "2ms",
  "userAgent": "curl/8.4.0",
  "ip": "::1",
  "userId": "anonymous"
}
2025-10-04 12:35:24.118 [WARN]: HTTP Request
{
  "service": "farmeely-backend",
  "environment": "development",
  "method": "GET",
  "url": "/groups/active",
  "statusCode": 401,
  "responseTime": "8ms",
  "userAgent": "curl/8.4.0",
  "ip": "::1",
  "userId": "anonymous"
}
2025-10-04 12:35:30.681 [WARN]: HTTP Request
{
  "service": "farmeely-backend",
  "environment": "development",
  "method": "POST",
  "url": "/groups/create/start",
  "statusCode": 401,
  "responseTime": "12ms",
  "userAgent": "curl/8.4.0",
  "ip": "::1",
  "userId": "anonymous"
}
2025-10-04 12:35:36.699 [WARN]: HTTP Request
{
  "service": "farmeely-backend",
  "environment": "development",
  "method": "POST",
  "url": "/groups/create/start",
  "statusCode": 401,
  "responseTime": "5ms",
  "userAgent": "curl/8.4.0",
  "ip": "::1",
  "userId": "anonymous"
}
2025-10-04 12:35:45.837 [WARN]: HTTP Request
{
  "service": "farmeely-backend",
  "environment": "development",
  "method": "POST",
  "url": "/groups/123/join/start",
  "statusCode": 401,
  "responseTime": "4ms",
  "userAgent": "curl/8.4.0",
  "ip": "::1",
  "userId": "anonymous"
}
2025-10-04 12:35:51.898 [WARN]: HTTP Request
{
  "service": "farmeely-backend",
  "environment": "development",
  "method": "POST",
  "url": "/groups/123/join/start",
  "statusCode": 401,
  "responseTime": "3ms",
  "userAgent": "curl/8.4.0",
  "ip": "::1",
  "userId": "anonymous"
}
2025-10-04 12:35:57.554 [WARN]: HTTP Request
{
  "service": "farmeely-backend",
  "environment": "development",
  "method": "GET",
  "url": "/wallet/balance",
  "statusCode": 401,
  "responseTime": "6ms",
  "userAgent": "curl/8.4.0",
  "ip": "::1",
  "userId": "anonymous"
}
2025-10-04 12:36:02.891 [WARN]: HTTP Request
{
  "service": "farmeely-backend",
  "environment": "development",
  "method": "GET",
  "url": "/wallet/balance",
  "statusCode": 401,
  "responseTime": "3ms",
  "userAgent": "curl/8.4.0",
  "ip": "::1",
  "userId": "anonymous"
}
2025-10-04 12:36:45.723 [INFO]: HTTP Request
{
  "service": "farmeely-backend",
  "environment": "development",
  "method": "GET",
  "url": "/health",
  "statusCode": 200,
  "responseTime": "1ms",
  "userAgent": "curl/8.4.0",
  "ip": "::1",
  "userId": "anonymous"
}
2025-10-04 12:36:56.323 [INFO]: HTTP Request
{
  "service": "farmeely-backend",
  "environment": "development",
  "method": "GET",
  "url": "/health",
  "statusCode": 200,
  "responseTime": "1ms",
  "userAgent": "axios/1.11.0",
  "ip": "::1",
  "userId": "anonymous"
}
2025-10-04 12:36:56.340 [INFO]: HTTP Request
{
  "service": "farmeely-backend",
  "environment": "development",
  "method": "GET",
  "url": "/health",
  "statusCode": 200,
  "responseTime": "0ms",
  "userAgent": "axios/1.11.0",
  "ip": "::1",
  "userId": "anonymous"
}
2025-10-04 12:36:56.461 [INFO]: HTTP Request
{
  "service": "farmeely-backend",
  "environment": "development",
  "method": "GET",
  "url": "/health",
  "statusCode": 200,
  "responseTime": "0ms",
  "userAgent": "axios/1.11.0",
  "ip": "::1",
  "userId": "anonymous"
}
2025-10-04 12:36:56.587 [INFO]: HTTP Request
{
  "service": "farmeely-backend",
  "environment": "development",
  "method": "GET",
  "url": "/health",
  "statusCode": 200,
  "responseTime": "1ms",
  "userAgent": "axios/1.11.0",
  "ip": "::1",
  "userId": "anonymous"
}
2025-10-04 12:36:56.720 [INFO]: HTTP Request
{
  "service": "farmeely-backend",
  "environment": "development",
  "method": "GET",
  "url": "/health",
  "statusCode": 200,
  "responseTime": "3ms",
  "userAgent": "axios/1.11.0",
  "ip": "::1",
  "userId": "anonymous"
}
2025-10-04 12:36:56.844 [INFO]: HTTP Request
{
  "service": "farmeely-backend",
  "environment": "development",
  "method": "GET",
  "url": "/health",
  "statusCode": 200,
  "responseTime": "1ms",
  "userAgent": "axios/1.11.0",
  "ip": "::1",
  "userId": "anonymous"
}
2025-10-04 12:36:56.987 [INFO]: HTTP Request
{
  "service": "farmeely-backend",
  "environment": "development",
  "method": "GET",
  "url": "/health",
  "statusCode": 200,
  "responseTime": "2ms",
  "userAgent": "axios/1.11.0",
  "ip": "::1",
  "userId": "anonymous"
}
2025-10-04 12:36:57.114 [INFO]: HTTP Request
{
  "service": "farmeely-backend",
  "environment": "development",
  "method": "GET",
  "url": "/health",
  "statusCode": 200,
  "responseTime": "2ms",
  "userAgent": "axios/1.11.0",
  "ip": "::1",
  "userId": "anonymous"
}
2025-10-04 12:36:57.244 [INFO]: HTTP Request
{
  "service": "farmeely-backend",
  "environment": "development",
  "method": "GET",
  "url": "/health",
  "statusCode": 200,
  "responseTime": "1ms",
  "userAgent": "axios/1.11.0",
  "ip": "::1",
  "userId": "anonymous"
}
2025-10-04 12:36:57.387 [INFO]: HTTP Request
{
  "service": "farmeely-backend",
  "environment": "development",
  "method": "GET",
  "url": "/health",
  "statusCode": 200,
  "responseTime": "1ms",
  "userAgent": "axios/1.11.0",
  "ip": "::1",
  "userId": "anonymous"
}
2025-10-04 12:36:57.519 [INFO]: HTTP Request
{
  "service": "farmeely-backend",
  "environment": "development",
  "method": "GET",
  "url": "/health",
  "statusCode": 200,
  "responseTime": "1ms",
  "userAgent": "axios/1.11.0",
  "ip": "::1",
  "userId": "anonymous"
}
2025-10-04 12:36:57.639 [INFO]: HTTP Request
{
  "service": "farmeely-backend",
  "environment": "development",
  "method": "GET",
  "url": "/api-docs",
  "statusCode": 301,
  "responseTime": "3ms",
  "userAgent": "axios/1.11.0",
  "ip": "::1",
  "userId": "anonymous"
}
2025-10-04 12:36:57.652 [INFO]: HTTP Request
{
  "service": "farmeely-backend",
  "environment": "development",
  "method": "GET",
  "url": "/api-docs/",
  "statusCode": 200,
  "responseTime": "3ms",
  "userAgent": "axios/1.11.0",
  "ip": "::1",
  "userId": "anonymous"
}
2025-10-04 12:36:57.770 [INFO]: HTTP Request
{
  "service": "farmeely-backend",
  "environment": "development",
  "method": "GET",
  "url": "/api-docs",
  "statusCode": 301,
  "responseTime": "1ms",
  "userAgent": "axios/1.11.0",
  "ip": "::1",
  "userId": "anonymous"
}
2025-10-04 12:36:57.776 [INFO]: HTTP Request
{
  "service": "farmeely-backend",
  "environment": "development",
  "method": "GET",
  "url": "/api-docs/",
  "statusCode": 200,
  "responseTime": "1ms",
  "userAgent": "axios/1.11.0",
  "ip": "::1",
  "userId": "anonymous"
}
2025-10-04 12:36:57.893 [INFO]: HTTP Request
{
  "service": "farmeely-backend",
  "environment": "development",
  "method": "GET",
  "url": "/api-docs",
  "statusCode": 301,
  "responseTime": "1ms",
  "userAgent": "axios/1.11.0",
  "ip": "::1",
  "userId": "anonymous"
}
2025-10-04 12:36:57.906 [INFO]: HTTP Request
{
  "service": "farmeely-backend",
  "environment": "development",
  "method": "GET",
  "url": "/api-docs/",
  "statusCode": 200,
  "responseTime": "1ms",
  "userAgent": "axios/1.11.0",
  "ip": "::1",
  "userId": "anonymous"
}
2025-10-04 12:36:58.021 [INFO]: HTTP Request
{
  "service": "farmeely-backend",
  "environment": "development",
  "method": "GET",
  "url": "/api-docs",
  "statusCode": 301,
  "responseTime": "2ms",
  "userAgent": "axios/1.11.0",
  "ip": "::1",
  "userId": "anonymous"
}
2025-10-04 12:36:58.035 [INFO]: HTTP Request
{
  "service": "farmeely-backend",
  "environment": "development",
  "method": "GET",
  "url": "/api-docs/",
  "statusCode": 200,
  "responseTime": "1ms",
  "userAgent": "axios/1.11.0",
  "ip": "::1",
  "userId": "anonymous"
}
2025-10-04 12:36:58.152 [INFO]: HTTP Request
{
  "service": "farmeely-backend",
  "environment": "development",
  "method": "GET",
  "url": "/api-docs",
  "statusCode": 301,
  "responseTime": "3ms",
  "userAgent": "axios/1.11.0",
  "ip": "::1",
  "userId": "anonymous"
}
2025-10-04 12:36:58.173 [INFO]: HTTP Request
{
  "service": "farmeely-backend",
  "environment": "development",
  "method": "GET",
  "url": "/api-docs/",
  "statusCode": 200,
  "responseTime": "6ms",
  "userAgent": "axios/1.11.0",
  "ip": "::1",
  "userId": "anonymous"
}
2025-10-04 12:36:58.294 [INFO]: HTTP Request
{
  "service": "farmeely-backend",
  "environment": "development",
  "method": "GET",
  "url": "/api-docs",
  "statusCode": 301,
  "responseTime": "3ms",
  "userAgent": "axios/1.11.0",
  "ip": "::1",
  "userId": "anonymous"
}
2025-10-04 12:36:58.335 [INFO]: HTTP Request
{
  "service": "farmeely-backend",
  "environment": "development",
  "method": "GET",
  "url": "/api-docs/",
  "statusCode": 200,
  "responseTime": "4ms",
  "userAgent": "axios/1.11.0",
  "ip": "::1",
  "userId": "anonymous"
}
2025-10-04 12:36:58.476 [INFO]: HTTP Request
{
  "service": "farmeely-backend",
  "environment": "development",
  "method": "GET",
  "url": "/api-docs",
  "statusCode": 301,
  "responseTime": "2ms",
  "userAgent": "axios/1.11.0",
  "ip": "::1",
  "userId": "anonymous"
}
2025-10-04 12:36:58.492 [INFO]: HTTP Request
{
  "service": "farmeely-backend",
  "environment": "development",
  "method": "GET",
  "url": "/api-docs/",
  "statusCode": 200,
  "responseTime": "1ms",
  "userAgent": "axios/1.11.0",
  "ip": "::1",
  "userId": "anonymous"
}
2025-10-04 12:36:58.608 [INFO]: HTTP Request
{
  "service": "farmeely-backend",
  "environment": "development",
  "method": "GET",
  "url": "/api-docs",
  "statusCode": 301,
  "responseTime": "1ms",
  "userAgent": "axios/1.11.0",
  "ip": "::1",
  "userId": "anonymous"
}
2025-10-04 12:36:58.628 [INFO]: HTTP Request
{
  "service": "farmeely-backend",
  "environment": "development",
  "method": "GET",
  "url": "/api-docs/",
  "statusCode": 200,
  "responseTime": "1ms",
  "userAgent": "axios/1.11.0",
  "ip": "::1",
  "userId": "anonymous"
}
2025-10-04 12:36:58.771 [INFO]: HTTP Request
{
  "service": "farmeely-backend",
  "environment": "development",
  "method": "GET",
  "url": "/api-docs",
  "statusCode": 301,
  "responseTime": "7ms",
  "userAgent": "axios/1.11.0",
  "ip": "::1",
  "userId": "anonymous"
}
2025-10-04 12:36:58.798 [INFO]: HTTP Request
{
  "service": "farmeely-backend",
  "environment": "development",
  "method": "GET",
  "url": "/api-docs/",
  "statusCode": 200,
  "responseTime": "5ms",
  "userAgent": "axios/1.11.0",
  "ip": "::1",
  "userId": "anonymous"
}
2025-10-04 12:36:58.924 [INFO]: HTTP Request
{
  "service": "farmeely-backend",
  "environment": "development",
  "method": "GET",
  "url": "/api-docs",
  "statusCode": 301,
  "responseTime": "2ms",
  "userAgent": "axios/1.11.0",
  "ip": "::1",
  "userId": "anonymous"
}
2025-10-04 12:36:58.941 [INFO]: HTTP Request
{
  "service": "farmeely-backend",
  "environment": "development",
  "method": "GET",
  "url": "/api-docs/",
  "statusCode": 200,
  "responseTime": "2ms",
  "userAgent": "axios/1.11.0",
  "ip": "::1",
  "userId": "anonymous"
}
2025-10-04 12:38:00.186 [INFO]: HTTP Request
{
  "service": "farmeely-backend",
  "environment": "development",
  "method": "GET",
  "url": "/health",
  "statusCode": 200,
  "responseTime": "0ms",
  "userAgent": "axios/1.11.0",
  "ip": "::1",
  "userId": "anonymous"
}
2025-10-04 12:38:00.213 [INFO]: HTTP Request
{
  "service": "farmeely-backend",
  "environment": "development",
  "method": "GET",
  "url": "/health",
  "statusCode": 200,
  "responseTime": "0ms",
  "userAgent": "axios/1.11.0",
  "ip": "::1",
  "userId": "anonymous"
}
2025-10-04 12:38:00.275 [INFO]: HTTP Request
{
  "service": "farmeely-backend",
  "environment": "development",
  "method": "GET",
  "url": "/health",
  "statusCode": 200,
  "responseTime": "0ms",
  "userAgent": "axios/1.11.0",
  "ip": "::1",
  "userId": "anonymous"
}
2025-10-04 12:38:00.336 [INFO]: HTTP Request
{
  "service": "farmeely-backend",
  "environment": "development",
  "method": "GET",
  "url": "/health",
  "statusCode": 200,
  "responseTime": "1ms",
  "userAgent": "axios/1.11.0",
  "ip": "::1",
  "userId": "anonymous"
}
2025-10-04 12:38:00.404 [INFO]: HTTP Request
{
  "service": "farmeely-backend",
  "environment": "development",
  "method": "GET",
  "url": "/health",
  "statusCode": 200,
  "responseTime": "1ms",
  "userAgent": "axios/1.11.0",
  "ip": "::1",
  "userId": "anonymous"
}
2025-10-04 12:38:00.488 [INFO]: HTTP Request
{
  "service": "farmeely-backend",
  "environment": "development",
  "method": "GET",
  "url": "/health",
  "statusCode": 200,
  "responseTime": "0ms",
  "userAgent": "axios/1.11.0",
  "ip": "::1",
  "userId": "anonymous"
}
2025-10-04 12:38:00.586 [INFO]: HTTP Request
{
  "service": "farmeely-backend",
  "environment": "development",
  "method": "GET",
  "url": "/health",
  "statusCode": 200,
  "responseTime": "1ms",
  "userAgent": "axios/1.11.0",
  "ip": "::1",
  "userId": "anonymous"
}
2025-10-04 12:38:00.679 [INFO]: HTTP Request
{
  "service": "farmeely-backend",
  "environment": "development",
  "method": "GET",
  "url": "/health",
  "statusCode": 200,
  "responseTime": "1ms",
  "userAgent": "axios/1.11.0",
  "ip": "::1",
  "userId": "anonymous"
}
2025-10-04 12:38:00.758 [INFO]: HTTP Request
{
  "service": "farmeely-backend",
  "environment": "development",
  "method": "GET",
  "url": "/health",
  "statusCode": 200,
  "responseTime": "0ms",
  "userAgent": "axios/1.11.0",
  "ip": "::1",
  "userId": "anonymous"
}
2025-10-04 12:38:00.852 [INFO]: HTTP Request
{
  "service": "farmeely-backend",
  "environment": "development",
  "method": "GET",
  "url": "/health",
  "statusCode": 200,
  "responseTime": "1ms",
  "userAgent": "axios/1.11.0",
  "ip": "::1",
  "userId": "anonymous"
}
2025-10-04 12:38:00.936 [INFO]: HTTP Request
{
  "service": "farmeely-backend",
  "environment": "development",
  "method": "GET",
  "url": "/health",
  "statusCode": 200,
  "responseTime": "0ms",
  "userAgent": "axios/1.11.0",
  "ip": "::1",
  "userId": "anonymous"
}
2025-10-04 12:38:01.036 [INFO]: HTTP Request
{
  "service": "farmeely-backend",
  "environment": "development",
  "method": "GET",
  "url": "/health",
  "statusCode": 200,
  "responseTime": "1ms",
  "userAgent": "axios/1.11.0",
  "ip": "::1",
  "userId": "anonymous"
}
2025-10-04 12:38:01.099 [INFO]: HTTP Request
{
  "service": "farmeely-backend",
  "environment": "development",
  "method": "GET",
  "url": "/health",
  "statusCode": 200,
  "responseTime": "0ms",
  "userAgent": "axios/1.11.0",
  "ip": "::1",
  "userId": "anonymous"
}
2025-10-04 12:38:01.186 [INFO]: HTTP Request
{
  "service": "farmeely-backend",
  "environment": "development",
  "method": "GET",
  "url": "/health",
  "statusCode": 200,
  "responseTime": "0ms",
  "userAgent": "axios/1.11.0",
  "ip": "::1",
  "userId": "anonymous"
}
2025-10-04 12:38:01.250 [INFO]: HTTP Request
{
  "service": "farmeely-backend",
  "environment": "development",
  "method": "GET",
  "url": "/health",
  "statusCode": 200,
  "responseTime": "1ms",
  "userAgent": "axios/1.11.0",
  "ip": "::1",
  "userId": "anonymous"
}
2025-10-04 12:38:01.314 [INFO]: HTTP Request
{
  "service": "farmeely-backend",
  "environment": "development",
  "method": "GET",
  "url": "/health",
  "statusCode": 200,
  "responseTime": "0ms",
  "userAgent": "axios/1.11.0",
  "ip": "::1",
  "userId": "anonymous"
}
2025-10-04 12:38:01.387 [INFO]: HTTP Request
{
  "service": "farmeely-backend",
  "environment": "development",
  "method": "GET",
  "url": "/health",
  "statusCode": 200,
  "responseTime": "1ms",
  "userAgent": "axios/1.11.0",
  "ip": "::1",
  "userId": "anonymous"
}
2025-10-04 12:38:01.465 [INFO]: HTTP Request
{
  "service": "farmeely-backend",
  "environment": "development",
  "method": "GET",
  "url": "/health",
  "statusCode": 200,
  "responseTime": "0ms",
  "userAgent": "axios/1.11.0",
  "ip": "::1",
  "userId": "anonymous"
}
2025-10-04 12:38:01.532 [INFO]: HTTP Request
{
  "service": "farmeely-backend",
  "environment": "development",
  "method": "GET",
  "url": "/health",
  "statusCode": 200,
  "responseTime": "0ms",
  "userAgent": "axios/1.11.0",
  "ip": "::1",
  "userId": "anonymous"
}
2025-10-04 12:38:01.601 [INFO]: HTTP Request
{
  "service": "farmeely-backend",
  "environment": "development",
  "method": "GET",
  "url": "/health",
  "statusCode": 200,
  "responseTime": "1ms",
  "userAgent": "axios/1.11.0",
  "ip": "::1",
  "userId": "anonymous"
}
2025-10-04 12:38:01.665 [INFO]: HTTP Request
{
  "service": "farmeely-backend",
  "environment": "development",
  "method": "GET",
  "url": "/health",
  "statusCode": 200,
  "responseTime": "1ms",
  "userAgent": "axios/1.11.0",
  "ip": "::1",
  "userId": "anonymous"
}
2025-10-04 12:38:01.729 [INFO]: HTTP Request
{
  "service": "farmeely-backend",
  "environment": "development",
  "method": "GET",
  "url": "/api-docs",
  "statusCode": 301,
  "responseTime": "0ms",
  "userAgent": "axios/1.11.0",
  "ip": "::1",
  "userId": "anonymous"
}
2025-10-04 12:38:01.738 [INFO]: HTTP Request
{
  "service": "farmeely-backend",
  "environment": "development",
  "method": "GET",
  "url": "/api-docs/",
  "statusCode": 200,
  "responseTime": "1ms",
  "userAgent": "axios/1.11.0",
  "ip": "::1",
  "userId": "anonymous"
}
2025-10-04 12:38:01.802 [INFO]: HTTP Request
{
  "service": "farmeely-backend",
  "environment": "development",
  "method": "GET",
  "url": "/api-docs",
  "statusCode": 301,
  "responseTime": "2ms",
  "userAgent": "axios/1.11.0",
  "ip": "::1",
  "userId": "anonymous"
}
2025-10-04 12:38:01.810 [INFO]: HTTP Request
{
  "service": "farmeely-backend",
  "environment": "development",
  "method": "GET",
  "url": "/api-docs/",
  "statusCode": 200,
  "responseTime": "3ms",
  "userAgent": "axios/1.11.0",
  "ip": "::1",
  "userId": "anonymous"
}
2025-10-04 12:38:01.881 [INFO]: HTTP Request
{
  "service": "farmeely-backend",
  "environment": "development",
  "method": "GET",
  "url": "/api-docs",
  "statusCode": 301,
  "responseTime": "0ms",
  "userAgent": "axios/1.11.0",
  "ip": "::1",
  "userId": "anonymous"
}
2025-10-04 12:38:01.887 [INFO]: HTTP Request
{
  "service": "farmeely-backend",
  "environment": "development",
  "method": "GET",
  "url": "/api-docs/",
  "statusCode": 200,
  "responseTime": "0ms",
  "userAgent": "axios/1.11.0",
  "ip": "::1",
  "userId": "anonymous"
}
2025-10-04 12:38:01.962 [INFO]: HTTP Request
{
  "service": "farmeely-backend",
  "environment": "development",
  "method": "GET",
  "url": "/api-docs",
  "statusCode": 301,
  "responseTime": "3ms",
  "userAgent": "axios/1.11.0",
  "ip": "::1",
  "userId": "anonymous"
}
2025-10-04 12:38:01.975 [INFO]: HTTP Request
{
  "service": "farmeely-backend",
  "environment": "development",
  "method": "GET",
  "url": "/api-docs/",
  "statusCode": 200,
  "responseTime": "2ms",
  "userAgent": "axios/1.11.0",
  "ip": "::1",
  "userId": "anonymous"
}
2025-10-04 12:38:02.033 [INFO]: HTTP Request
{
  "service": "farmeely-backend",
  "environment": "development",
  "method": "GET",
  "url": "/api-docs",
  "statusCode": 301,
  "responseTime": "1ms",
  "userAgent": "axios/1.11.0",
  "ip": "::1",
  "userId": "anonymous"
}
2025-10-04 12:38:02.044 [INFO]: HTTP Request
{
  "service": "farmeely-backend",
  "environment": "development",
  "method": "GET",
  "url": "/api-docs/",
  "statusCode": 200,
  "responseTime": "2ms",
  "userAgent": "axios/1.11.0",
  "ip": "::1",
  "userId": "anonymous"
}
2025-10-04 12:38:02.110 [INFO]: HTTP Request
{
  "service": "farmeely-backend",
  "environment": "development",
  "method": "GET",
  "url": "/api-docs",
  "statusCode": 301,
  "responseTime": "1ms",
  "userAgent": "axios/1.11.0",
  "ip": "::1",
  "userId": "anonymous"
}
2025-10-04 12:38:02.118 [INFO]: HTTP Request
{
  "service": "farmeely-backend",
  "environment": "development",
  "method": "GET",
  "url": "/api-docs/",
  "statusCode": 200,
  "responseTime": "2ms",
  "userAgent": "axios/1.11.0",
  "ip": "::1",
  "userId": "anonymous"
}
2025-10-04 12:38:02.196 [INFO]: HTTP Request
{
  "service": "farmeely-backend",
  "environment": "development",
  "method": "GET",
  "url": "/api-docs",
  "statusCode": 301,
  "responseTime": "2ms",
  "userAgent": "axios/1.11.0",
  "ip": "::1",
  "userId": "anonymous"
}
2025-10-04 12:38:02.205 [INFO]: HTTP Request
{
  "service": "farmeely-backend",
  "environment": "development",
  "method": "GET",
  "url": "/api-docs/",
  "statusCode": 200,
  "responseTime": "1ms",
  "userAgent": "axios/1.11.0",
  "ip": "::1",
  "userId": "anonymous"
}
2025-10-04 12:38:02.278 [INFO]: HTTP Request
{
  "service": "farmeely-backend",
  "environment": "development",
  "method": "GET",
  "url": "/api-docs",
  "statusCode": 301,
  "responseTime": "1ms",
  "userAgent": "axios/1.11.0",
  "ip": "::1",
  "userId": "anonymous"
}
2025-10-04 12:38:02.284 [INFO]: HTTP Request
{
  "service": "farmeely-backend",
  "environment": "development",
  "method": "GET",
  "url": "/api-docs/",
  "statusCode": 200,
  "responseTime": "0ms",
  "userAgent": "axios/1.11.0",
  "ip": "::1",
  "userId": "anonymous"
}
2025-10-04 12:38:02.353 [INFO]: HTTP Request
{
  "service": "farmeely-backend",
  "environment": "development",
  "method": "GET",
  "url": "/api-docs",
  "statusCode": 301,
  "responseTime": "1ms",
  "userAgent": "axios/1.11.0",
  "ip": "::1",
  "userId": "anonymous"
}
2025-10-04 12:38:02.363 [INFO]: HTTP Request
{
  "service": "farmeely-backend",
  "environment": "development",
  "method": "GET",
  "url": "/api-docs/",
  "statusCode": 200,
  "responseTime": "1ms",
  "userAgent": "axios/1.11.0",
  "ip": "::1",
  "userId": "anonymous"
}
2025-10-04 12:38:02.431 [INFO]: HTTP Request
{
  "service": "farmeely-backend",
  "environment": "development",
  "method": "GET",
  "url": "/api-docs",
  "statusCode": 301,
  "responseTime": "1ms",
  "userAgent": "axios/1.11.0",
  "ip": "::1",
  "userId": "anonymous"
}
2025-10-04 12:38:02.435 [INFO]: HTTP Request
{
  "service": "farmeely-backend",
  "environment": "development",
  "method": "GET",
  "url": "/api-docs/",
  "statusCode": 200,
  "responseTime": "1ms",
  "userAgent": "axios/1.11.0",
  "ip": "::1",
  "userId": "anonymous"
}
2025-10-04 12:38:02.527 [INFO]: HTTP Request
{
  "service": "farmeely-backend",
  "environment": "development",
  "method": "GET",
  "url": "/api-docs",
  "statusCode": 301,
  "responseTime": "5ms",
  "userAgent": "axios/1.11.0",
  "ip": "::1",
  "userId": "anonymous"
}
2025-10-04 12:38:02.548 [INFO]: HTTP Request
{
  "service": "farmeely-backend",
  "environment": "development",
  "method": "GET",
  "url": "/api-docs/",
  "statusCode": 200,
  "responseTime": "1ms",
  "userAgent": "axios/1.11.0",
  "ip": "::1",
  "userId": "anonymous"
}
2025-10-04 12:38:02.617 [INFO]: HTTP Request
{
  "service": "farmeely-backend",
  "environment": "development",
  "method": "GET",
  "url": "/api-docs",
  "statusCode": 301,
  "responseTime": "2ms",
  "userAgent": "axios/1.11.0",
  "ip": "::1",
  "userId": "anonymous"
}
2025-10-04 12:38:02.633 [INFO]: HTTP Request
{
  "service": "farmeely-backend",
  "environment": "development",
  "method": "GET",
  "url": "/api-docs/",
  "statusCode": 200,
  "responseTime": "1ms",
  "userAgent": "axios/1.11.0",
  "ip": "::1",
  "userId": "anonymous"
}
2025-10-04 12:38:02.698 [INFO]: HTTP Request
{
  "service": "farmeely-backend",
  "environment": "development",
  "method": "GET",
  "url": "/api-docs",
  "statusCode": 301,
  "responseTime": "5ms",
  "userAgent": "axios/1.11.0",
  "ip": "::1",
  "userId": "anonymous"
}
2025-10-04 12:38:02.705 [INFO]: HTTP Request
{
  "service": "farmeely-backend",
  "environment": "development",
  "method": "GET",
  "url": "/api-docs/",
  "statusCode": 200,
  "responseTime": "1ms",
  "userAgent": "axios/1.11.0",
  "ip": "::1",
  "userId": "anonymous"
}
2025-10-04 12:38:02.780 [INFO]: HTTP Request
{
  "service": "farmeely-backend",
  "environment": "development",
  "method": "GET",
  "url": "/api-docs",
  "statusCode": 301,
  "responseTime": "1ms",
  "userAgent": "axios/1.11.0",
  "ip": "::1",
  "userId": "anonymous"
}
2025-10-04 12:38:02.786 [INFO]: HTTP Request
{
  "service": "farmeely-backend",
  "environment": "development",
  "method": "GET",
  "url": "/api-docs/",
  "statusCode": 200,
  "responseTime": "1ms",
  "userAgent": "axios/1.11.0",
  "ip": "::1",
  "userId": "anonymous"
}
2025-10-04 12:38:02.867 [INFO]: HTTP Request
{
  "service": "farmeely-backend",
  "environment": "development",
  "method": "GET",
  "url": "/api-docs",
  "statusCode": 301,
  "responseTime": "1ms",
  "userAgent": "axios/1.11.0",
  "ip": "::1",
  "userId": "anonymous"
}
2025-10-04 12:38:02.881 [INFO]: HTTP Request
{
  "service": "farmeely-backend",
  "environment": "development",
  "method": "GET",
  "url": "/api-docs/",
  "statusCode": 200,
  "responseTime": "1ms",
  "userAgent": "axios/1.11.0",
  "ip": "::1",
  "userId": "anonymous"
}
2025-10-04 12:38:02.949 [INFO]: HTTP Request
{
  "service": "farmeely-backend",
  "environment": "development",
  "method": "GET",
  "url": "/api-docs",
  "statusCode": 301,
  "responseTime": "4ms",
  "userAgent": "axios/1.11.0",
  "ip": "::1",
  "userId": "anonymous"
}
2025-10-04 12:39:22.851 [INFO]: Application starting up
{
  "service": "farmeely-backend",
  "environment": "development",
  "port": "2025"
}
2025-10-04 12:39:22.875 [INFO]: Cache service initialized
{
  "service": "farmeely-backend",
  "environment": "development"
}
2025-10-04 12:39:23.021 [INFO]: Database connection established successfully
{
  "service": "farmeely-backend",
  "environment": "development"
}
2025-10-04 12:39:23.145 [INFO]: Database tables synced successfully
{
  "service": "farmeely-backend",
  "environment": "development"
}
2025-10-04 12:39:23.154 [INFO]: Server started successfully
{
  "service": "farmeely-backend",
  "environment": "development",
  "port": "2025"
}
