2025-09-29 14:08:43.165 [INFO]: Application starting up
{
  "service": "farmeely-backend",
  "environment": "production",
  "port": "2025"
}
2025-09-29 14:08:43.301 [INFO]: Cache service initialized
{
  "service": "farmeely-backend",
  "environment": "production"
}
2025-09-29 14:08:44.772 [INFO]: Database connection established successfully
{
  "service": "farmeely-backend",
  "environment": "production"
}
2025-09-29 14:08:46.329 [INFO]: Database tables synced successfully
{
  "service": "farmeely-backend",
  "environment": "production"
}
2025-09-29 14:08:46.358 [INFO]: Server started successfully
{
  "service": "farmeely-backend",
  "environment": "production",
  "port": "2025"
}
