2025-09-09 09:57:29.038 [ERROR]: This is an error message
{
  "service": "farmeely-backend",
  "environment": "development"
}
2025-09-09 10:08:28.879 [ERROR]: Request Error
Error: Not allowed by CORS
    at origin (C:\Users\DELL 7389\Desktop\farmeely-frontend\backend\index.js:228:18)
    at C:\Users\DELL 7389\Desktop\farmeely-frontend\backend\node_modules\cors\lib\index.js:219:13
    at optionsCallback (C:\Users\DELL 7389\Desktop\farmeely-frontend\backend\node_modules\cors\lib\index.js:199:9)
    at corsMiddleware (C:\Users\DELL 7389\Desktop\farmeely-frontend\backend\node_modules\cors\lib\index.js:204:7)
    at Layer.handleRequest (C:\Users\DELL 7389\Desktop\farmeely-frontend\node_modules\router\lib\layer.js:152:17)
    at trimPrefix (C:\Users\DELL 7389\Desktop\farmeely-frontend\node_modules\router\index.js:342:13)
    at C:\Users\DELL 7389\Desktop\farmeely-frontend\node_modules\router\index.js:297:9
    at processParams (C:\Users\DELL 7389\Desktop\farmeely-frontend\node_modules\router\index.js:582:12)
    at next (C:\Users\DELL 7389\Desktop\farmeely-frontend\node_modules\router\index.js:291:5)
    at securityLogger (C:\Users\DELL 7389\Desktop\farmeely-frontend\backend\middleware\requestLogger.js:134:3)
{
  "service": "farmeely-backend",
  "environment": "development",
  "error": "Not allowed by CORS",
  "method": "OPTIONS",
  "url": "/users/login",
  "ip": "::1",
  "userId": "anonymous",
  "query": {},
  "params": {}
}
2025-09-09 10:08:28.884 [ERROR]: Unhandled error
Error: Not allowed by CORS
    at origin (C:\Users\DELL 7389\Desktop\farmeely-frontend\backend\index.js:228:18)
    at C:\Users\DELL 7389\Desktop\farmeely-frontend\backend\node_modules\cors\lib\index.js:219:13
    at optionsCallback (C:\Users\DELL 7389\Desktop\farmeely-frontend\backend\node_modules\cors\lib\index.js:199:9)
    at corsMiddleware (C:\Users\DELL 7389\Desktop\farmeely-frontend\backend\node_modules\cors\lib\index.js:204:7)
    at Layer.handleRequest (C:\Users\DELL 7389\Desktop\farmeely-frontend\node_modules\router\lib\layer.js:152:17)
    at trimPrefix (C:\Users\DELL 7389\Desktop\farmeely-frontend\node_modules\router\index.js:342:13)
    at C:\Users\DELL 7389\Desktop\farmeely-frontend\node_modules\router\index.js:297:9
    at processParams (C:\Users\DELL 7389\Desktop\farmeely-frontend\node_modules\router\index.js:582:12)
    at next (C:\Users\DELL 7389\Desktop\farmeely-frontend\node_modules\router\index.js:291:5)
    at securityLogger (C:\Users\DELL 7389\Desktop\farmeely-frontend\backend\middleware\requestLogger.js:134:3)
{
  "service": "farmeely-backend",
  "environment": "development",
  "error": "Not allowed by CORS",
  "url": "/users/login",
  "method": "OPTIONS",
  "ip": "::1"
}
2025-09-09 10:09:13.929 [ERROR]: Request Error
Error: Not allowed by CORS
    at origin (C:\Users\DELL 7389\Desktop\farmeely-frontend\backend\index.js:228:18)
    at C:\Users\DELL 7389\Desktop\farmeely-frontend\backend\node_modules\cors\lib\index.js:219:13
    at optionsCallback (C:\Users\DELL 7389\Desktop\farmeely-frontend\backend\node_modules\cors\lib\index.js:199:9)
    at corsMiddleware (C:\Users\DELL 7389\Desktop\farmeely-frontend\backend\node_modules\cors\lib\index.js:204:7)
    at Layer.handleRequest (C:\Users\DELL 7389\Desktop\farmeely-frontend\node_modules\router\lib\layer.js:152:17)
    at trimPrefix (C:\Users\DELL 7389\Desktop\farmeely-frontend\node_modules\router\index.js:342:13)
    at C:\Users\DELL 7389\Desktop\farmeely-frontend\node_modules\router\index.js:297:9
    at processParams (C:\Users\DELL 7389\Desktop\farmeely-frontend\node_modules\router\index.js:582:12)
    at next (C:\Users\DELL 7389\Desktop\farmeely-frontend\node_modules\router\index.js:291:5)
    at securityLogger (C:\Users\DELL 7389\Desktop\farmeely-frontend\backend\middleware\requestLogger.js:134:3)
{
  "service": "farmeely-backend",
  "environment": "development",
  "error": "Not allowed by CORS",
  "method": "OPTIONS",
  "url": "/users/login",
  "ip": "::1",
  "userId": "anonymous",
  "query": {},
  "params": {}
}
2025-09-09 10:09:13.930 [ERROR]: Unhandled error
Error: Not allowed by CORS
    at origin (C:\Users\DELL 7389\Desktop\farmeely-frontend\backend\index.js:228:18)
    at C:\Users\DELL 7389\Desktop\farmeely-frontend\backend\node_modules\cors\lib\index.js:219:13
    at optionsCallback (C:\Users\DELL 7389\Desktop\farmeely-frontend\backend\node_modules\cors\lib\index.js:199:9)
    at corsMiddleware (C:\Users\DELL 7389\Desktop\farmeely-frontend\backend\node_modules\cors\lib\index.js:204:7)
    at Layer.handleRequest (C:\Users\DELL 7389\Desktop\farmeely-frontend\node_modules\router\lib\layer.js:152:17)
    at trimPrefix (C:\Users\DELL 7389\Desktop\farmeely-frontend\node_modules\router\index.js:342:13)
    at C:\Users\DELL 7389\Desktop\farmeely-frontend\node_modules\router\index.js:297:9
    at processParams (C:\Users\DELL 7389\Desktop\farmeely-frontend\node_modules\router\index.js:582:12)
    at next (C:\Users\DELL 7389\Desktop\farmeely-frontend\node_modules\router\index.js:291:5)
    at securityLogger (C:\Users\DELL 7389\Desktop\farmeely-frontend\backend\middleware\requestLogger.js:134:3)
{
  "service": "farmeely-backend",
  "environment": "development",
  "error": "Not allowed by CORS",
  "url": "/users/login",
  "method": "OPTIONS",
  "ip": "::1"
}
2025-09-09 10:10:33.707 [ERROR]: Request Error
Error: Not allowed by CORS
    at origin (C:\Users\DELL 7389\Desktop\farmeely-frontend\backend\index.js:228:18)
    at C:\Users\DELL 7389\Desktop\farmeely-frontend\backend\node_modules\cors\lib\index.js:219:13
    at optionsCallback (C:\Users\DELL 7389\Desktop\farmeely-frontend\backend\node_modules\cors\lib\index.js:199:9)
    at corsMiddleware (C:\Users\DELL 7389\Desktop\farmeely-frontend\backend\node_modules\cors\lib\index.js:204:7)
    at Layer.handleRequest (C:\Users\DELL 7389\Desktop\farmeely-frontend\node_modules\router\lib\layer.js:152:17)
    at trimPrefix (C:\Users\DELL 7389\Desktop\farmeely-frontend\node_modules\router\index.js:342:13)
    at C:\Users\DELL 7389\Desktop\farmeely-frontend\node_modules\router\index.js:297:9
    at processParams (C:\Users\DELL 7389\Desktop\farmeely-frontend\node_modules\router\index.js:582:12)
    at next (C:\Users\DELL 7389\Desktop\farmeely-frontend\node_modules\router\index.js:291:5)
    at securityLogger (C:\Users\DELL 7389\Desktop\farmeely-frontend\backend\middleware\requestLogger.js:134:3)
{
  "service": "farmeely-backend",
  "environment": "development",
  "error": "Not allowed by CORS",
  "method": "OPTIONS",
  "url": "/users/login",
  "ip": "::1",
  "userId": "anonymous",
  "query": {},
  "params": {}
}
2025-09-09 10:10:33.708 [ERROR]: Unhandled error
Error: Not allowed by CORS
    at origin (C:\Users\DELL 7389\Desktop\farmeely-frontend\backend\index.js:228:18)
    at C:\Users\DELL 7389\Desktop\farmeely-frontend\backend\node_modules\cors\lib\index.js:219:13
    at optionsCallback (C:\Users\DELL 7389\Desktop\farmeely-frontend\backend\node_modules\cors\lib\index.js:199:9)
    at corsMiddleware (C:\Users\DELL 7389\Desktop\farmeely-frontend\backend\node_modules\cors\lib\index.js:204:7)
    at Layer.handleRequest (C:\Users\DELL 7389\Desktop\farmeely-frontend\node_modules\router\lib\layer.js:152:17)
    at trimPrefix (C:\Users\DELL 7389\Desktop\farmeely-frontend\node_modules\router\index.js:342:13)
    at C:\Users\DELL 7389\Desktop\farmeely-frontend\node_modules\router\index.js:297:9
    at processParams (C:\Users\DELL 7389\Desktop\farmeely-frontend\node_modules\router\index.js:582:12)
    at next (C:\Users\DELL 7389\Desktop\farmeely-frontend\node_modules\router\index.js:291:5)
    at securityLogger (C:\Users\DELL 7389\Desktop\farmeely-frontend\backend\middleware\requestLogger.js:134:3)
{
  "service": "farmeely-backend",
  "environment": "development",
  "error": "Not allowed by CORS",
  "url": "/users/login",
  "method": "OPTIONS",
  "ip": "::1"
}
2025-09-09 10:10:34.770 [ERROR]: Request Error
Error: Not allowed by CORS
    at origin (C:\Users\DELL 7389\Desktop\farmeely-frontend\backend\index.js:228:18)
    at C:\Users\DELL 7389\Desktop\farmeely-frontend\backend\node_modules\cors\lib\index.js:219:13
    at optionsCallback (C:\Users\DELL 7389\Desktop\farmeely-frontend\backend\node_modules\cors\lib\index.js:199:9)
    at corsMiddleware (C:\Users\DELL 7389\Desktop\farmeely-frontend\backend\node_modules\cors\lib\index.js:204:7)
    at Layer.handleRequest (C:\Users\DELL 7389\Desktop\farmeely-frontend\node_modules\router\lib\layer.js:152:17)
    at trimPrefix (C:\Users\DELL 7389\Desktop\farmeely-frontend\node_modules\router\index.js:342:13)
    at C:\Users\DELL 7389\Desktop\farmeely-frontend\node_modules\router\index.js:297:9
    at processParams (C:\Users\DELL 7389\Desktop\farmeely-frontend\node_modules\router\index.js:582:12)
    at next (C:\Users\DELL 7389\Desktop\farmeely-frontend\node_modules\router\index.js:291:5)
    at securityLogger (C:\Users\DELL 7389\Desktop\farmeely-frontend\backend\middleware\requestLogger.js:134:3)
{
  "service": "farmeely-backend",
  "environment": "development",
  "error": "Not allowed by CORS",
  "method": "OPTIONS",
  "url": "/users/login",
  "ip": "::1",
  "userId": "anonymous",
  "query": {},
  "params": {}
}
2025-09-09 10:10:34.771 [ERROR]: Unhandled error
Error: Not allowed by CORS
    at origin (C:\Users\DELL 7389\Desktop\farmeely-frontend\backend\index.js:228:18)
    at C:\Users\DELL 7389\Desktop\farmeely-frontend\backend\node_modules\cors\lib\index.js:219:13
    at optionsCallback (C:\Users\DELL 7389\Desktop\farmeely-frontend\backend\node_modules\cors\lib\index.js:199:9)
    at corsMiddleware (C:\Users\DELL 7389\Desktop\farmeely-frontend\backend\node_modules\cors\lib\index.js:204:7)
    at Layer.handleRequest (C:\Users\DELL 7389\Desktop\farmeely-frontend\node_modules\router\lib\layer.js:152:17)
    at trimPrefix (C:\Users\DELL 7389\Desktop\farmeely-frontend\node_modules\router\index.js:342:13)
    at C:\Users\DELL 7389\Desktop\farmeely-frontend\node_modules\router\index.js:297:9
    at processParams (C:\Users\DELL 7389\Desktop\farmeely-frontend\node_modules\router\index.js:582:12)
    at next (C:\Users\DELL 7389\Desktop\farmeely-frontend\node_modules\router\index.js:291:5)
    at securityLogger (C:\Users\DELL 7389\Desktop\farmeely-frontend\backend\middleware\requestLogger.js:134:3)
{
  "service": "farmeely-backend",
  "environment": "development",
  "error": "Not allowed by CORS",
  "url": "/users/login",
  "method": "OPTIONS",
  "ip": "::1"
}
2025-09-09 10:11:27.220 [ERROR]: Request Error
Error: Not allowed by CORS
    at origin (C:\Users\DELL 7389\Desktop\farmeely-frontend\backend\index.js:228:18)
    at C:\Users\DELL 7389\Desktop\farmeely-frontend\backend\node_modules\cors\lib\index.js:219:13
    at optionsCallback (C:\Users\DELL 7389\Desktop\farmeely-frontend\backend\node_modules\cors\lib\index.js:199:9)
    at corsMiddleware (C:\Users\DELL 7389\Desktop\farmeely-frontend\backend\node_modules\cors\lib\index.js:204:7)
    at Layer.handleRequest (C:\Users\DELL 7389\Desktop\farmeely-frontend\node_modules\router\lib\layer.js:152:17)
    at trimPrefix (C:\Users\DELL 7389\Desktop\farmeely-frontend\node_modules\router\index.js:342:13)
    at C:\Users\DELL 7389\Desktop\farmeely-frontend\node_modules\router\index.js:297:9
    at processParams (C:\Users\DELL 7389\Desktop\farmeely-frontend\node_modules\router\index.js:582:12)
    at next (C:\Users\DELL 7389\Desktop\farmeely-frontend\node_modules\router\index.js:291:5)
    at securityLogger (C:\Users\DELL 7389\Desktop\farmeely-frontend\backend\middleware\requestLogger.js:134:3)
{
  "service": "farmeely-backend",
  "environment": "development",
  "error": "Not allowed by CORS",
  "method": "OPTIONS",
  "url": "/users/login",
  "ip": "::1",
  "userId": "anonymous",
  "query": {},
  "params": {}
}
2025-09-09 10:11:27.221 [ERROR]: Unhandled error
Error: Not allowed by CORS
    at origin (C:\Users\DELL 7389\Desktop\farmeely-frontend\backend\index.js:228:18)
    at C:\Users\DELL 7389\Desktop\farmeely-frontend\backend\node_modules\cors\lib\index.js:219:13
    at optionsCallback (C:\Users\DELL 7389\Desktop\farmeely-frontend\backend\node_modules\cors\lib\index.js:199:9)
    at corsMiddleware (C:\Users\DELL 7389\Desktop\farmeely-frontend\backend\node_modules\cors\lib\index.js:204:7)
    at Layer.handleRequest (C:\Users\DELL 7389\Desktop\farmeely-frontend\node_modules\router\lib\layer.js:152:17)
    at trimPrefix (C:\Users\DELL 7389\Desktop\farmeely-frontend\node_modules\router\index.js:342:13)
    at C:\Users\DELL 7389\Desktop\farmeely-frontend\node_modules\router\index.js:297:9
    at processParams (C:\Users\DELL 7389\Desktop\farmeely-frontend\node_modules\router\index.js:582:12)
    at next (C:\Users\DELL 7389\Desktop\farmeely-frontend\node_modules\router\index.js:291:5)
    at securityLogger (C:\Users\DELL 7389\Desktop\farmeely-frontend\backend\middleware\requestLogger.js:134:3)
{
  "service": "farmeely-backend",
  "environment": "development",
  "error": "Not allowed by CORS",
  "url": "/users/login",
  "method": "OPTIONS",
  "ip": "::1"
}
2025-09-09 10:16:07.986 [ERROR]: Request Error
Error: Not allowed by CORS
    at origin (C:\Users\DELL 7389\Desktop\farmeely-frontend\backend\index.js:228:18)
    at C:\Users\DELL 7389\Desktop\farmeely-frontend\backend\node_modules\cors\lib\index.js:219:13
    at optionsCallback (C:\Users\DELL 7389\Desktop\farmeely-frontend\backend\node_modules\cors\lib\index.js:199:9)
    at corsMiddleware (C:\Users\DELL 7389\Desktop\farmeely-frontend\backend\node_modules\cors\lib\index.js:204:7)
    at Layer.handleRequest (C:\Users\DELL 7389\Desktop\farmeely-frontend\node_modules\router\lib\layer.js:152:17)
    at trimPrefix (C:\Users\DELL 7389\Desktop\farmeely-frontend\node_modules\router\index.js:342:13)
    at C:\Users\DELL 7389\Desktop\farmeely-frontend\node_modules\router\index.js:297:9
    at processParams (C:\Users\DELL 7389\Desktop\farmeely-frontend\node_modules\router\index.js:582:12)
    at next (C:\Users\DELL 7389\Desktop\farmeely-frontend\node_modules\router\index.js:291:5)
    at securityLogger (C:\Users\DELL 7389\Desktop\farmeely-frontend\backend\middleware\requestLogger.js:134:3)
{
  "service": "farmeely-backend",
  "environment": "development",
  "error": "Not allowed by CORS",
  "method": "OPTIONS",
  "url": "/users/login",
  "ip": "::1",
  "userId": "anonymous",
  "query": {},
  "params": {}
}
2025-09-09 10:16:07.986 [ERROR]: Unhandled error
Error: Not allowed by CORS
    at origin (C:\Users\DELL 7389\Desktop\farmeely-frontend\backend\index.js:228:18)
    at C:\Users\DELL 7389\Desktop\farmeely-frontend\backend\node_modules\cors\lib\index.js:219:13
    at optionsCallback (C:\Users\DELL 7389\Desktop\farmeely-frontend\backend\node_modules\cors\lib\index.js:199:9)
    at corsMiddleware (C:\Users\DELL 7389\Desktop\farmeely-frontend\backend\node_modules\cors\lib\index.js:204:7)
    at Layer.handleRequest (C:\Users\DELL 7389\Desktop\farmeely-frontend\node_modules\router\lib\layer.js:152:17)
    at trimPrefix (C:\Users\DELL 7389\Desktop\farmeely-frontend\node_modules\router\index.js:342:13)
    at C:\Users\DELL 7389\Desktop\farmeely-frontend\node_modules\router\index.js:297:9
    at processParams (C:\Users\DELL 7389\Desktop\farmeely-frontend\node_modules\router\index.js:582:12)
    at next (C:\Users\DELL 7389\Desktop\farmeely-frontend\node_modules\router\index.js:291:5)
    at securityLogger (C:\Users\DELL 7389\Desktop\farmeely-frontend\backend\middleware\requestLogger.js:134:3)
{
  "service": "farmeely-backend",
  "environment": "development",
  "error": "Not allowed by CORS",
  "url": "/users/login",
  "method": "OPTIONS",
  "ip": "::1"
}
2025-09-09 10:16:37.350 [ERROR]: Request Error
Error: Not allowed by CORS
    at origin (C:\Users\DELL 7389\Desktop\farmeely-frontend\backend\index.js:228:18)
    at C:\Users\DELL 7389\Desktop\farmeely-frontend\backend\node_modules\cors\lib\index.js:219:13
    at optionsCallback (C:\Users\DELL 7389\Desktop\farmeely-frontend\backend\node_modules\cors\lib\index.js:199:9)
    at corsMiddleware (C:\Users\DELL 7389\Desktop\farmeely-frontend\backend\node_modules\cors\lib\index.js:204:7)
    at Layer.handleRequest (C:\Users\DELL 7389\Desktop\farmeely-frontend\node_modules\router\lib\layer.js:152:17)
    at trimPrefix (C:\Users\DELL 7389\Desktop\farmeely-frontend\node_modules\router\index.js:342:13)
    at C:\Users\DELL 7389\Desktop\farmeely-frontend\node_modules\router\index.js:297:9
    at processParams (C:\Users\DELL 7389\Desktop\farmeely-frontend\node_modules\router\index.js:582:12)
    at next (C:\Users\DELL 7389\Desktop\farmeely-frontend\node_modules\router\index.js:291:5)
    at securityLogger (C:\Users\DELL 7389\Desktop\farmeely-frontend\backend\middleware\requestLogger.js:134:3)
{
  "service": "farmeely-backend",
  "environment": "development",
  "error": "Not allowed by CORS",
  "method": "OPTIONS",
  "url": "/users/login",
  "ip": "::1",
  "userId": "anonymous",
  "query": {},
  "params": {}
}
2025-09-09 10:16:37.351 [ERROR]: Unhandled error
Error: Not allowed by CORS
    at origin (C:\Users\DELL 7389\Desktop\farmeely-frontend\backend\index.js:228:18)
    at C:\Users\DELL 7389\Desktop\farmeely-frontend\backend\node_modules\cors\lib\index.js:219:13
    at optionsCallback (C:\Users\DELL 7389\Desktop\farmeely-frontend\backend\node_modules\cors\lib\index.js:199:9)
    at corsMiddleware (C:\Users\DELL 7389\Desktop\farmeely-frontend\backend\node_modules\cors\lib\index.js:204:7)
    at Layer.handleRequest (C:\Users\DELL 7389\Desktop\farmeely-frontend\node_modules\router\lib\layer.js:152:17)
    at trimPrefix (C:\Users\DELL 7389\Desktop\farmeely-frontend\node_modules\router\index.js:342:13)
    at C:\Users\DELL 7389\Desktop\farmeely-frontend\node_modules\router\index.js:297:9
    at processParams (C:\Users\DELL 7389\Desktop\farmeely-frontend\node_modules\router\index.js:582:12)
    at next (C:\Users\DELL 7389\Desktop\farmeely-frontend\node_modules\router\index.js:291:5)
    at securityLogger (C:\Users\DELL 7389\Desktop\farmeely-frontend\backend\middleware\requestLogger.js:134:3)
{
  "service": "farmeely-backend",
  "environment": "development",
  "error": "Not allowed by CORS",
  "url": "/users/login",
  "method": "OPTIONS",
  "ip": "::1"
}
2025-09-09 13:37:54.170 [ERROR]: Request Error
Error: Transaction cannot be rolled back because it has been finished with state: commit
    at Transaction.rollback (C:\Users\DELL 7389\Desktop\farmeely-frontend\backend\node_modules\sequelize\lib\transaction.js:59:13)
    at verifyEmail (C:\Users\DELL 7389\Desktop\farmeely-frontend\backend\controllers\userCtrl.js:191:13)
    at process.processTicksAndRejections (node:internal/process/task_queues:105:5)
{
  "service": "farmeely-backend",
  "environment": "development",
  "error": "Transaction cannot be rolled back because it has been finished with state: commit",
  "method": "POST",
  "url": "/users/verify-email/aishatyinusa@gmail.com/862821",
  "ip": "::1",
  "userId": "anonymous",
  "body": {
    "email": "aishatyinusa@gmail.com",
    "otp": "862821"
  },
  "query": {},
  "params": {}
}
2025-09-09 13:37:54.172 [ERROR]: Unhandled error
Error: Transaction cannot be rolled back because it has been finished with state: commit
    at Transaction.rollback (C:\Users\DELL 7389\Desktop\farmeely-frontend\backend\node_modules\sequelize\lib\transaction.js:59:13)
    at verifyEmail (C:\Users\DELL 7389\Desktop\farmeely-frontend\backend\controllers\userCtrl.js:191:13)
    at process.processTicksAndRejections (node:internal/process/task_queues:105:5)
{
  "service": "farmeely-backend",
  "environment": "development",
  "error": "Transaction cannot be rolled back because it has been finished with state: commit",
  "url": "/users/verify-email/aishatyinusa@gmail.com/862821",
  "method": "POST",
  "ip": "::1"
}
2025-09-09 13:49:18.025 [ERROR]: Request Error
Error: Transaction cannot be rolled back because it has been finished with state: commit
    at Transaction.rollback (C:\Users\DELL 7389\Desktop\farmeely-frontend\backend\node_modules\sequelize\lib\transaction.js:59:13)
    at verifyEmail (C:\Users\DELL 7389\Desktop\farmeely-frontend\backend\controllers\userCtrl.js:214:13)
    at process.processTicksAndRejections (node:internal/process/task_queues:105:5)
{
  "service": "farmeely-backend",
  "environment": "development",
  "error": "Transaction cannot be rolled back because it has been finished with state: commit",
  "method": "POST",
  "url": "/users/verify-email/aishatyinusa@gmail.com/247468",
  "ip": "::1",
  "userId": "anonymous",
  "body": {
    "email": "aishatyinusa@gmail.com",
    "otp": "247468"
  },
  "query": {},
  "params": {}
}
2025-09-09 13:49:18.028 [ERROR]: Unhandled error
Error: Transaction cannot be rolled back because it has been finished with state: commit
    at Transaction.rollback (C:\Users\DELL 7389\Desktop\farmeely-frontend\backend\node_modules\sequelize\lib\transaction.js:59:13)
    at verifyEmail (C:\Users\DELL 7389\Desktop\farmeely-frontend\backend\controllers\userCtrl.js:214:13)
    at process.processTicksAndRejections (node:internal/process/task_queues:105:5)
{
  "service": "farmeely-backend",
  "environment": "development",
  "error": "Transaction cannot be rolled back because it has been finished with state: commit",
  "url": "/users/verify-email/aishatyinusa@gmail.com/247468",
  "method": "POST",
  "ip": "::1"
}
2025-09-09 13:49:37.018 [ERROR]: Request Error
Error: Transaction cannot be rolled back because it has been finished with state: commit
    at Transaction.rollback (C:\Users\DELL 7389\Desktop\farmeely-frontend\backend\node_modules\sequelize\lib\transaction.js:59:13)
    at verifyEmail (C:\Users\DELL 7389\Desktop\farmeely-frontend\backend\controllers\userCtrl.js:214:13)
    at process.processTicksAndRejections (node:internal/process/task_queues:105:5)
{
  "service": "farmeely-backend",
  "environment": "development",
  "error": "Transaction cannot be rolled back because it has been finished with state: commit",
  "method": "POST",
  "url": "/users/verify-email/aishatyinusa@gmail.com/247468",
  "ip": "::1",
  "userId": "anonymous",
  "body": {
    "email": "aishatyinusa@gmail.com",
    "otp": "247468"
  },
  "query": {},
  "params": {}
}
2025-09-09 13:49:37.033 [ERROR]: Unhandled error
Error: Transaction cannot be rolled back because it has been finished with state: commit
    at Transaction.rollback (C:\Users\DELL 7389\Desktop\farmeely-frontend\backend\node_modules\sequelize\lib\transaction.js:59:13)
    at verifyEmail (C:\Users\DELL 7389\Desktop\farmeely-frontend\backend\controllers\userCtrl.js:214:13)
    at process.processTicksAndRejections (node:internal/process/task_queues:105:5)
{
  "service": "farmeely-backend",
  "environment": "development",
  "error": "Transaction cannot be rolled back because it has been finished with state: commit",
  "url": "/users/verify-email/aishatyinusa@gmail.com/247468",
  "method": "POST",
  "ip": "::1"
}
2025-09-09 13:51:58.208 [ERROR]: Request Error
Error: Transaction cannot be rolled back because it has been finished with state: commit
    at Transaction.rollback (C:\Users\DELL 7389\Desktop\farmeely-frontend\backend\node_modules\sequelize\lib\transaction.js:59:13)
    at verifyEmail (C:\Users\DELL 7389\Desktop\farmeely-frontend\backend\controllers\userCtrl.js:214:13)
    at process.processTicksAndRejections (node:internal/process/task_queues:105:5)
{
  "service": "farmeely-backend",
  "environment": "development",
  "error": "Transaction cannot be rolled back because it has been finished with state: commit",
  "method": "POST",
  "url": "/users/verify-email/ridwanyinusa7@gmail.com/594348",
  "ip": "::1",
  "userId": "anonymous",
  "body": {
    "email": "ridwanyinusa7@gmail.com",
    "otp": "594348"
  },
  "query": {},
  "params": {}
}
2025-09-09 13:51:58.221 [ERROR]: Unhandled error
Error: Transaction cannot be rolled back because it has been finished with state: commit
    at Transaction.rollback (C:\Users\DELL 7389\Desktop\farmeely-frontend\backend\node_modules\sequelize\lib\transaction.js:59:13)
    at verifyEmail (C:\Users\DELL 7389\Desktop\farmeely-frontend\backend\controllers\userCtrl.js:214:13)
    at process.processTicksAndRejections (node:internal/process/task_queues:105:5)
{
  "service": "farmeely-backend",
  "environment": "development",
  "error": "Transaction cannot be rolled back because it has been finished with state: commit",
  "url": "/users/verify-email/ridwanyinusa7@gmail.com/594348",
  "method": "POST",
  "ip": "::1"
}
2025-09-09 13:58:08.912 [ERROR]: Request Error
Error: Transaction cannot be rolled back because it has been finished with state: commit
    at Transaction.rollback (C:\Users\DELL 7389\Desktop\farmeely-frontend\backend\node_modules\sequelize\lib\transaction.js:59:13)
    at verifyEmail (C:\Users\DELL 7389\Desktop\farmeely-frontend\backend\controllers\userCtrl.js:199:13)
    at process.processTicksAndRejections (node:internal/process/task_queues:105:5)
{
  "service": "farmeely-backend",
  "environment": "development",
  "error": "Transaction cannot be rolled back because it has been finished with state: commit",
  "method": "POST",
  "url": "/users/verify-email/ridwanyinusa7@gmail.com/594348",
  "ip": "::1",
  "userId": "anonymous",
  "query": {},
  "params": {}
}
2025-09-09 13:58:08.927 [ERROR]: Unhandled error
Error: Transaction cannot be rolled back because it has been finished with state: commit
    at Transaction.rollback (C:\Users\DELL 7389\Desktop\farmeely-frontend\backend\node_modules\sequelize\lib\transaction.js:59:13)
    at verifyEmail (C:\Users\DELL 7389\Desktop\farmeely-frontend\backend\controllers\userCtrl.js:199:13)
    at process.processTicksAndRejections (node:internal/process/task_queues:105:5)
{
  "service": "farmeely-backend",
  "environment": "development",
  "error": "Transaction cannot be rolled back because it has been finished with state: commit",
  "url": "/users/verify-email/ridwanyinusa7@gmail.com/594348",
  "method": "POST",
  "ip": "::1"
}
2025-09-09 14:06:43.391 [ERROR]: Request Error
Error: Transaction cannot be rolled back because it has been finished with state: commit
    at Transaction.rollback (C:\Users\DELL 7389\Desktop\farmeely-frontend\backend\node_modules\sequelize\lib\transaction.js:59:13)
    at verifyEmail (C:\Users\DELL 7389\Desktop\farmeely-frontend\backend\controllers\userCtrl.js:199:13)
    at process.processTicksAndRejections (node:internal/process/task_queues:105:5)
{
  "service": "farmeely-backend",
  "environment": "development",
  "error": "Transaction cannot be rolled back because it has been finished with state: commit",
  "method": "POST",
  "url": "/users/verify-email/ridwanyinusa9@gmail.com/229956",
  "ip": "::1",
  "userId": "anonymous",
  "body": {
    "email": "ridwanyinusa9@gmail.com",
    "otp": "229956"
  },
  "query": {},
  "params": {}
}
2025-09-09 14:06:43.406 [ERROR]: Unhandled error
Error: Transaction cannot be rolled back because it has been finished with state: commit
    at Transaction.rollback (C:\Users\DELL 7389\Desktop\farmeely-frontend\backend\node_modules\sequelize\lib\transaction.js:59:13)
    at verifyEmail (C:\Users\DELL 7389\Desktop\farmeely-frontend\backend\controllers\userCtrl.js:199:13)
    at process.processTicksAndRejections (node:internal/process/task_queues:105:5)
{
  "service": "farmeely-backend",
  "environment": "development",
  "error": "Transaction cannot be rolled back because it has been finished with state: commit",
  "url": "/users/verify-email/ridwanyinusa9@gmail.com/229956",
  "method": "POST",
  "ip": "::1"
}
2025-09-09 14:07:46.067 [ERROR]: Request Error
Error: Transaction cannot be rolled back because it has been finished with state: commit
    at Transaction.rollback (C:\Users\DELL 7389\Desktop\farmeely-frontend\backend\node_modules\sequelize\lib\transaction.js:59:13)
    at verifyEmail (C:\Users\DELL 7389\Desktop\farmeely-frontend\backend\controllers\userCtrl.js:199:13)
    at process.processTicksAndRejections (node:internal/process/task_queues:105:5)
{
  "service": "farmeely-backend",
  "environment": "development",
  "error": "Transaction cannot be rolled back because it has been finished with state: commit",
  "method": "POST",
  "url": "/users/verify-email/ridwanyinusa9@gmail.com/229956",
  "ip": "::1",
  "userId": "anonymous",
  "body": {
    "email": "ridwanyinusa9@gmail.com",
    "otp": "229956"
  },
  "query": {},
  "params": {}
}
2025-09-09 14:07:46.071 [ERROR]: Unhandled error
Error: Transaction cannot be rolled back because it has been finished with state: commit
    at Transaction.rollback (C:\Users\DELL 7389\Desktop\farmeely-frontend\backend\node_modules\sequelize\lib\transaction.js:59:13)
    at verifyEmail (C:\Users\DELL 7389\Desktop\farmeely-frontend\backend\controllers\userCtrl.js:199:13)
    at process.processTicksAndRejections (node:internal/process/task_queues:105:5)
{
  "service": "farmeely-backend",
  "environment": "development",
  "error": "Transaction cannot be rolled back because it has been finished with state: commit",
  "url": "/users/verify-email/ridwanyinusa9@gmail.com/229956",
  "method": "POST",
  "ip": "::1"
}
